<?xml version="1.0"?><coverage lines-covered="3255" lines-valid="4051" line-rate="0.803505307331523" branches-covered="0" branches-valid="0" branch-rate="0" complexity="0" version="1.9" timestamp="1773386653"><sources><source>/Users/user/Develop/personal/rarena</source></sources><packages><package name="rarena-allocator/src" line-rate="0.803505307331523" branch-rate="0" complexity="0"><classes><class name="allocator" filename="rarena-allocator/src/allocator.rs" line-rate="0.8695652173913043" branch-rate="0" complexity="0"><methods/><lines><line number="37" hits="0"/><line number="38" hits="60"/><line number="39" hits="72"/><line number="42" hits="0"/><line number="46" hits="0"/><line number="47" hits="0"/><line number="81" hits="24"/><line number="82" hits="28"/><line number="254" hits="4"/><line number="255" hits="4"/><line number="256" hits="8"/><line number="257" hits="12"/><line number="310" hits="324"/><line number="311" hits="1944"/><line number="362" hits="16"/><line number="363" hits="80"/><line number="408" hits="20"/><line number="409" hits="60"/><line number="410" hits="60"/><line number="430" hits="54"/><line number="431" hits="54"/><line number="480" hits="58"/><line number="481" hits="116"/><line number="495" hits="24"/><line number="497" hits="72"/><line number="498" hits="120"/><line number="499" hits="72"/><line number="500" hits="72"/><line number="558" hits="8"/><line number="559" hits="16"/><line number="582" hits="8"/><line number="583" hits="16"/><line number="605" hits="16"/><line number="606" hits="64"/><line number="629" hits="12"/><line number="630" hits="48"/><line number="652" hits="4"/><line number="653" hits="8"/><line number="676" hits="4"/><line number="677" hits="8"/><line number="699" hits="16"/><line number="700" hits="64"/><line number="723" hits="16"/><line number="724" hits="64"/><line number="732" hits="140"/><line number="734" hits="140"/><line number="735" hits="8"/><line number="738" hits="544"/><line number="751" hits="280"/><line number="753" hits="560"/><line number="755" hits="280"/><line number="756" hits="8"/><line number="759" hits="1104"/><line number="769" hits="12"/><line number="771" hits="12"/><line number="772" hits="4"/><line number="775" hits="16"/><line number="776" hits="40"/><line number="789" hits="184"/><line number="791" hits="368"/><line number="793" hits="184"/><line number="794" hits="0"/><line number="797" hits="368"/><line number="798" hits="1104"/><line number="799" hits="368"/><line number="810" hits="112"/><line number="812" hits="112"/><line number="813" hits="8"/><line number="816" hits="416"/><line number="817" hits="208"/><line number="822" hits="8"/><line number="823" hits="24"/><line number="824" hits="8"/><line number="825" hits="4"/><line number="828" hits="12"/><line number="832" hits="8"/><line number="833" hits="24"/><line number="834" hits="8"/><line number="835" hits="4"/><line number="838" hits="12"/><line number="845" hits="4"/><line number="846" hits="12"/><line number="853" hits="4"/><line number="854" hits="12"/><line number="899" hits="186"/><line number="901" hits="186"/><line number="902" hits="0"/><line number="905" hits="744"/><line number="906" hits="372"/><line number="936" hits="12"/><line number="937" hits="24"/><line number="952" hits="20"/><line number="953" hits="40"/><line number="968" hits="8"/><line number="969" hits="8"/><line number="985" hits="0"/><line number="986" hits="0"/><line number="1002" hits="0"/><line number="1003" hits="0"/><line number="1025" hits="4"/><line number="1026" hits="8"/><line number="1048" hits="4"/><line number="1049" hits="8"/><line number="1076" hits="4"/><line number="1077" hits="16"/><line number="1081" hits="8"/><line number="1082" hits="24"/><line number="1083" hits="24"/><line number="1084" hits="16"/><line number="1086" hits="24"/><line number="1088" hits="24"/><line number="1089" hits="16"/><line number="1090" hits="16"/><line number="1092" hits="24"/><line number="1095" hits="40"/><line number="1096" hits="48"/><line number="1097" hits="48"/><line number="1100" hits="64"/><line number="1104" hits="16"/><line number="1105" hits="24"/><line number="1106" hits="32"/><line number="1110" hits="16"/><line number="1151" hits="0"/><line number="1152" hits="0"/><line number="1205" hits="0"/><line number="1206" hits="0"/><line number="1243" hits="0"/><line number="1244" hits="0"/><line number="1279" hits="250"/><line number="1280" hits="500"/><line number="1324" hits="0"/><line number="1325" hits="0"/><line number="1357" hits="4"/><line number="1358" hits="8"/><line number="1380" hits="4"/><line number="1381" hits="8"/><line number="1406" hits="16"/><line number="1407" hits="32"/></lines></class><class name="bytes" filename="rarena-allocator/src/bytes.rs" line-rate="0.8208955223880597" branch-rate="0" complexity="0"><methods/><lines><line number="17" hits="4"/><line number="18" hits="16"/><line number="19" hits="12"/><line number="20" hits="8"/><line number="32" hits="12"/><line number="33" hits="12"/><line number="35" hits="60"/><line number="36" hits="0"/><line number="43" hits="24"/><line number="44" hits="72"/><line number="45" hits="24"/><line number="47" hits="96"/><line number="48" hits="0"/><line number="55" hits="0"/><line number="56" hits="0"/><line number="62" hits="0"/><line number="63" hits="0"/><line number="71" hits="20"/><line number="72" hits="20"/><line number="76" hits="56"/><line number="77" hits="56"/><line number="81" hits="8"/><line number="82" hits="8"/><line number="86" hits="8"/><line number="87" hits="8"/><line number="91" hits="8"/><line number="92" hits="8"/><line number="96" hits="4"/><line number="97" hits="4"/><line number="98" hits="12"/><line number="99" hits="4"/><line number="100" hits="4"/><line number="102" hits="0"/><line number="107" hits="4"/><line number="108" hits="4"/><line number="109" hits="12"/><line number="110" hits="4"/><line number="111" hits="4"/><line number="113" hits="0"/><line number="132" hits="12"/><line number="133" hits="36"/><line number="135" hits="12"/><line number="136" hits="48"/><line number="137" hits="0"/><line number="143" hits="4"/><line number="145" hits="4"/><line number="146" hits="20"/><line number="147" hits="0"/><line number="152" hits="4"/><line number="154" hits="8"/><line number="156" hits="4"/><line number="162" hits="0"/><line number="163" hits="0"/><line number="165" hits="0"/><line number="166" hits="0"/><line number="171" hits="0"/><line number="172" hits="0"/><line number="173" hits="0"/><line number="174" hits="0"/><line number="176" hits="0"/><line number="177" hits="0"/><line number="184" hits="328"/><line number="185" hits="324"/><line number="186" hits="16"/><line number="189" hits="948"/><line number="191" hits="4"/><line number="205" hits="8"/><line number="206" hits="32"/><line number="207" hits="24"/><line number="208" hits="16"/><line number="217" hits="12"/><line number="218" hits="12"/><line number="219" hits="0"/><line number="223" hits="48"/><line number="229" hits="46"/><line number="230" hits="46"/><line number="231" hits="0"/><line number="235" hits="184"/><line number="241" hits="4"/><line number="242" hits="4"/><line number="248" hits="4"/><line number="249" hits="4"/><line number="257" hits="404"/><line number="258" hits="404"/><line number="262" hits="366"/><line number="263" hits="366"/><line number="267" hits="100"/><line number="268" hits="100"/><line number="272" hits="100"/><line number="273" hits="100"/><line number="277" hits="572"/><line number="278" hits="572"/><line number="282" hits="8"/><line number="283" hits="16"/><line number="284" hits="8"/><line number="285" hits="8"/><line number="290" hits="4"/><line number="291" hits="8"/><line number="292" hits="4"/><line number="293" hits="4"/><line number="312" hits="74"/><line number="314" hits="296"/><line number="319" hits="4"/><line number="321" hits="16"/><line number="326" hits="40"/><line number="327" hits="40"/><line number="332" hits="8"/><line number="333" hits="8"/><line number="338" hits="12"/><line number="339" hits="12"/><line number="344" hits="1894"/><line number="354" hits="4"/><line number="356" hits="12"/><line number="365" hits="328"/><line number="366" hits="328"/><line number="367" hits="12"/><line number="369" hits="324"/><line number="372" hits="648"/><line number="373" hits="324"/><line number="374" hits="324"/><line number="380" hits="60"/><line number="381" hits="60"/><line number="382" hits="0"/><line number="386" hits="300"/><line number="390" hits="112"/><line number="391" hits="112"/><line number="392" hits="0"/><line number="396" hits="560"/><line number="402" hits="1898"/><line number="403" hits="1898"/><line number="404" hits="896"/><line number="409" hits="2004"/><line number="410" hits="2004"/><line number="411" hits="2004"/></lines></class><class name="common" filename="rarena-allocator/src/common.rs" line-rate="0.78125" branch-rate="0" complexity="0"><methods/><lines><line number="24" hits="226"/><line number="25" hits="226"/><line number="29" hits="440"/><line number="30" hits="440"/><line number="36" hits="226"/><line number="37" hits="226"/><line number="41" hits="548"/><line number="42" hits="1096"/><line number="49" hits="0"/><line number="50" hits="0"/><line number="54" hits="0"/><line number="55" hits="0"/><line number="68" hits="288"/><line number="69" hits="288"/><line number="71" hits="1152"/><line number="79" hits="288"/><line number="80" hits="1152"/><line number="81" hits="288"/><line number="82" hits="576"/><line number="83" hits="0"/><line number="84" hits="0"/><line number="88" hits="1152"/><line number="89" hits="864"/><line number="90" hits="576"/><line number="91" hits="0"/><line number="93" hits="576"/><line number="104" hits="288"/><line number="105" hits="288"/><line number="109" hits="288"/><line number="110" hits="864"/><line number="114" hits="276"/><line number="115" hits="552"/></lines></class><class name="error" filename="rarena-allocator/src/error.rs" line-rate="0.6" branch-rate="0" complexity="0"><methods/><lines><line number="13" hits="4"/><line number="23" hits="0"/><line number="24" hits="0"/><line number="25" hits="0"/><line number="45" hits="0"/><line number="55" hits="0"/><line number="56" hits="0"/><line number="57" hits="0"/><line number="101" hits="4"/><line number="102" hits="4"/><line number="118" hits="24"/><line number="119" hits="24"/><line number="121" hits="8"/><line number="122" hits="8"/><line number="123" hits="8"/><line number="124" hits="8"/><line number="128" hits="16"/><line number="137" hits="24"/><line number="138" hits="8"/><line number="142" hits="0"/></lines></class><class name="lib" filename="rarena-allocator/src/lib.rs" line-rate="0.625" branch-rate="0" complexity="0"><methods/><lines><line number="50" hits="2"/><line number="53" hits="2"/><line number="130" hits="218"/><line number="131" hits="218"/><line number="132" hits="654"/><line number="133" hits="218"/><line number="134" hits="436"/><line number="135" hits="218"/><line number="136" hits="436"/><line number="141" hits="40"/><line number="146" hits="80"/><line number="147" hits="160"/><line number="149" hits="56"/><line number="150" hits="16"/><line number="151" hits="4"/><line number="156" hits="36"/><line number="157" hits="36"/><line number="158" hits="36"/><line number="161" hits="36"/><line number="162" hits="36"/><line number="163" hits="36"/><line number="166" hits="36"/><line number="167" hits="12"/><line number="168" hits="4"/><line number="169" hits="4"/><line number="173" hits="32"/><line number="174" hits="0"/><line number="177" hits="32"/><line number="178" hits="0"/><line number="180" hits="32"/><line number="185" hits="4"/><line number="186" hits="12"/><line number="191" hits="16"/><line number="194" hits="48"/><line number="199" hits="0"/><line number="207" hits="0"/><line number="208" hits="0"/><line number="209" hits="0"/><line number="210" hits="0"/><line number="212" hits="0"/><line number="217" hits="0"/><line number="219" hits="0"/><line number="224" hits="0"/><line number="225" hits="0"/><line number="230" hits="4"/><line number="231" hits="8"/><line number="235" hits="2852"/><line number="236" hits="2852"/><line number="240" hits="2123"/><line number="241" hits="2123"/><line number="282" hits="1826"/><line number="283" hits="3652"/><line number="284" hits="1826"/><line number="294" hits="0"/><line number="295" hits="0"/><line number="306" hits="48"/><line number="309" hits="96"/><line number="310" hits="0"/><line number="314" hits="96"/><line number="315" hits="48"/><line number="328" hits="48"/><line number="331" hits="96"/><line number="332" hits="144"/><line number="333" hits="192"/><line number="334" hits="48"/><line number="347" hits="0"/><line number="348" hits="0"/><line number="361" hits="16"/><line number="362" hits="16"/><line number="363" hits="112"/><line number="365" hits="48"/><line number="366" hits="32"/><line number="367" hits="16"/><line number="378" hits="0"/><line number="379" hits="0"/><line number="380" hits="0"/><line number="382" hits="0"/><line number="394" hits="0"/><line number="395" hits="0"/><line number="396" hits="0"/><line number="399" hits="0"/><line number="401" hits="0"/><line number="402" hits="0"/><line number="405" hits="0"/><line number="407" hits="0"/><line number="408" hits="0"/><line number="417" hits="62"/><line number="418" hits="124"/><line number="419" hits="0"/><line number="422" hits="62"/><line number="423" hits="0"/><line number="426" hits="124"/><line number="427" hits="62"/><line number="428" hits="124"/><line number="429" hits="372"/><line number="431" hits="0"/><line number="450" hits="0"/><line number="451" hits="0"/><line number="453" hits="0"/><line number="454" hits="0"/><line number="458" hits="0"/><line number="459" hits="0"/><line number="460" hits="0"/><line number="461" hits="0"/><line number="476" hits="0"/><line number="477" hits="0"/><line number="479" hits="0"/><line number="480" hits="0"/><line number="481" hits="0"/><line number="487" hits="12"/><line number="488" hits="36"/><line number="490" hits="24"/><line number="491" hits="0"/><line number="495" hits="24"/><line number="496" hits="12"/><line number="509" hits="12"/><line number="510" hits="36"/><line number="511" hits="24"/><line number="512" hits="36"/><line number="513" hits="60"/><line number="514" hits="12"/><line number="544" hits="52"/><line number="547" hits="104"/><line number="548" hits="0"/><line number="552" hits="104"/><line number="553" hits="52"/><line number="566" hits="52"/><line number="567" hits="104"/><line number="568" hits="156"/><line number="569" hits="52"/><line number="570" hits="52"/><line number="575" hits="0"/><line number="576" hits="0"/><line number="589" hits="0"/><line number="590" hits="0"/><line number="600" hits="48"/><line number="603" hits="48"/><line number="604" hits="0"/><line number="608" hits="48"/><line number="621" hits="48"/><line number="624" hits="96"/><line number="625" hits="144"/><line number="626" hits="288"/><line number="627" hits="48"/><line number="628" hits="48"/><line number="645" hits="0"/><line number="646" hits="0"/><line number="647" hits="0"/><line number="658" hits="0"/><line number="659" hits="0"/><line number="660" hits="0"/><line number="661" hits="0"/><line number="671" hits="4"/><line number="672" hits="4"/><line number="673" hits="0"/><line number="677" hits="8"/><line number="690" hits="4"/><line number="691" hits="12"/><line number="692" hits="4"/><line number="697" hits="0"/><line number="698" hits="0"/><line number="699" hits="0"/><line number="703" hits="0"/><line number="716" hits="0"/><line number="717" hits="0"/><line number="718" hits="0"/><line number="740" hits="8"/><line number="741" hits="8"/><line number="742" hits="0"/><line number="746" hits="8"/><line number="759" hits="8"/><line number="760" hits="16"/><line number="761" hits="24"/><line number="762" hits="16"/><line number="763" hits="8"/><line number="764" hits="8"/><line number="769" hits="0"/><line number="770" hits="0"/><line number="783" hits="0"/><line number="784" hits="0"/><line number="793" hits="8"/><line number="794" hits="8"/><line number="795" hits="16"/><line number="796" hits="8"/><line number="797" hits="24"/><line number="801" hits="0"/><line number="802" hits="0"/><line number="855" hits="52"/><line number="866" hits="2082"/><line number="879" hits="1974"/><line number="881" hits="11844"/><line number="882" hits="3948"/><line number="887" hits="180"/><line number="888" hits="540"/><line number="889" hits="180"/><line number="890" hits="180"/><line number="894" hits="100"/><line number="895" hits="300"/><line number="896" hits="100"/><line number="897" hits="100"/></lines></class><class name="memory" filename="rarena-allocator/src/memory.rs" line-rate="0.7234432234432234" branch-rate="0" complexity="0"><methods/><lines><line number="64" hits="120"/><line number="65" hits="360"/><line number="70" hits="4"/><line number="71" hits="12"/><line number="76" hits="20"/><line number="77" hits="60"/><line number="82" hits="4"/><line number="86" hits="12"/><line number="91" hits="526"/><line number="92" hits="526"/><line number="96" hits="526"/><line number="97" hits="526"/><line number="101" hits="526"/><line number="102" hits="526"/><line number="106" hits="526"/><line number="107" hits="526"/><line number="111" hits="584"/><line number="112" hits="584"/><line number="116" hits="526"/><line number="117" hits="526"/><line number="121" hits="526"/><line number="122" hits="526"/><line number="126" hits="776"/><line number="127" hits="776"/><line number="131" hits="526"/><line number="132" hits="1078"/><line number="137" hits="0"/><line number="138" hits="0"/><line number="139" hits="0"/><line number="140" hits="0"/><line number="143" hits="0"/><line number="144" hits="0"/><line number="145" hits="0"/><line number="148" hits="0"/><line number="149" hits="0"/><line number="156" hits="30"/><line number="157" hits="30"/><line number="158" hits="24"/><line number="159" hits="60"/><line number="162" hits="60"/><line number="163" hits="60"/><line number="164" hits="24"/><line number="167" hits="12"/><line number="169" hits="0"/><line number="170" hits="18"/><line number="172" hits="6"/><line number="174" hits="24"/><line number="175" hits="12"/><line number="176" hits="6"/><line number="179" hits="36"/><line number="180" hits="12"/><line number="181" hits="12"/><line number="182" hits="6"/><line number="184" hits="0"/><line number="185" hits="24"/><line number="186" hits="24"/><line number="187" hits="12"/><line number="190" hits="24"/><line number="191" hits="36"/><line number="192" hits="12"/><line number="193" hits="24"/><line number="198" hits="30"/><line number="200" hits="30"/><line number="205" hits="8"/><line number="206" hits="8"/><line number="207" hits="8"/><line number="208" hits="0"/><line number="209" hits="4"/><line number="215" hits="0"/><line number="216" hits="0"/><line number="217" hits="0"/><line number="218" hits="0"/><line number="220" hits="0"/><line number="221" hits="0"/><line number="223" hits="0"/><line number="227" hits="4"/><line number="229" hits="4"/><line number="230" hits="4"/><line number="231" hits="8"/><line number="233" hits="12"/><line number="234" hits="12"/><line number="235" hits="0"/><line number="236" hits="0"/><line number="237" hits="0"/><line number="238" hits="0"/><line number="241" hits="8"/><line number="242" hits="4"/><line number="247" hits="12"/><line number="249" hits="4"/><line number="252" hits="8"/><line number="253" hits="4"/><line number="257" hits="292"/><line number="258" hits="876"/><line number="259" hits="1168"/><line number="260" hits="876"/><line number="261" hits="876"/><line number="262" hits="584"/><line number="263" hits="1460"/><line number="265" hits="1104"/><line number="268" hits="828"/><line number="269" hits="828"/><line number="271" hits="552"/><line number="272" hits="1380"/><line number="274" hits="828"/><line number="276" hits="62"/><line number="277" hits="124"/><line number="278" hits="186"/><line number="280" hits="310"/><line number="281" hits="62"/><line number="283" hits="214"/><line number="285" hits="428"/><line number="286" hits="214"/><line number="290" hits="276"/><line number="291" hits="552"/><line number="292" hits="276"/><line number="293" hits="276"/><line number="294" hits="276"/><line number="295" hits="552"/><line number="296" hits="552"/><line number="297" hits="552"/><line number="298" hits="552"/><line number="299" hits="552"/><line number="300" hits="552"/><line number="301" hits="552"/><line number="302" hits="552"/><line number="303" hits="552"/><line number="304" hits="828"/><line number="305" hits="276"/><line number="306" hits="828"/><line number="307" hits="276"/><line number="308" hits="276"/><line number="314" hits="114"/><line number="318" hits="456"/><line number="322" hits="0"/><line number="329" hits="0"/><line number="331" hits="0"/><line number="335" hits="4"/><line number="339" hits="16"/><line number="343" hits="0"/><line number="350" hits="0"/><line number="352" hits="0"/><line number="356" hits="118"/><line number="361" hits="708"/><line number="362" hits="472"/><line number="363" hits="236"/><line number="365" hits="354"/><line number="366" hits="354"/><line number="367" hits="354"/><line number="368" hits="354"/><line number="370" hits="118"/><line number="371" hits="32"/><line number="372" hits="64"/><line number="373" hits="0"/><line number="377" hits="236"/><line number="378" hits="236"/><line number="379" hits="0"/><line number="384" hits="590"/><line number="385" hits="236"/><line number="387" hits="590"/><line number="389" hits="228"/><line number="391" hits="228"/><line number="393" hits="228"/><line number="394" hits="570"/><line number="396" hits="334"/><line number="398" hits="294"/><line number="400" hits="98"/><line number="401" hits="98"/><line number="402" hits="98"/><line number="403" hits="392"/><line number="407" hits="490"/><line number="409" hits="98"/><line number="411" hits="32"/><line number="413" hits="32"/><line number="414" hits="80"/><line number="417" hits="16"/><line number="418" hits="16"/><line number="419" hits="16"/><line number="420" hits="48"/><line number="422" hits="12"/><line number="425" hits="220"/><line number="426" hits="220"/><line number="427" hits="220"/><line number="428" hits="220"/><line number="429" hits="220"/><line number="430" hits="330"/><line number="431" hits="440"/><line number="432" hits="550"/><line number="433" hits="220"/><line number="434" hits="220"/><line number="436" hits="220"/><line number="437" hits="220"/><line number="438" hits="220"/><line number="439" hits="220"/><line number="440" hits="110"/><line number="441" hits="220"/><line number="442" hits="220"/><line number="443" hits="220"/><line number="444" hits="110"/><line number="445" hits="220"/><line number="446" hits="110"/><line number="447" hits="110"/><line number="450" hits="110"/><line number="451" hits="0"/><line number="454" hits="110"/><line number="460" hits="0"/><line number="467" hits="0"/><line number="469" hits="0"/><line number="473" hits="24"/><line number="474" hits="96"/><line number="478" hits="0"/><line number="485" hits="0"/><line number="487" hits="0"/><line number="491" hits="4"/><line number="495" hits="16"/><line number="499" hits="28"/><line number="506" hits="28"/><line number="507" hits="0"/><line number="508" hits="0"/><line number="509" hits="0"/><line number="514" hits="56"/><line number="522" hits="112"/><line number="523" hits="84"/><line number="524" hits="84"/><line number="526" hits="112"/><line number="527" hits="28"/><line number="528" hits="56"/><line number="529" hits="56"/><line number="530" hits="0"/><line number="533" hits="84"/><line number="534" hits="28"/><line number="535" hits="0"/><line number="538" hits="76"/><line number="539" hits="96"/><line number="541" hits="28"/><line number="544" hits="56"/><line number="545" hits="112"/><line number="546" hits="4"/><line number="550" hits="96"/><line number="551" hits="48"/><line number="552" hits="48"/><line number="554" hits="120"/><line number="556" hits="48"/><line number="558" hits="44"/><line number="559" hits="24"/><line number="560" hits="24"/><line number="561" hits="72"/><line number="563" hits="40"/><line number="565" hits="40"/><line number="566" hits="40"/><line number="567" hits="40"/><line number="568" hits="40"/><line number="569" hits="40"/><line number="570" hits="60"/><line number="571" hits="80"/><line number="572" hits="80"/><line number="573" hits="40"/><line number="575" hits="40"/><line number="576" hits="40"/><line number="577" hits="40"/><line number="578" hits="40"/><line number="579" hits="20"/><line number="580" hits="40"/><line number="581" hits="20"/><line number="582" hits="40"/><line number="583" hits="20"/><line number="584" hits="60"/><line number="585" hits="40"/><line number="586" hits="20"/><line number="589" hits="20"/><line number="590" hits="0"/><line number="593" hits="20"/><line number="599" hits="128"/><line number="600" hits="512"/><line number="601" hits="256"/><line number="603" hits="640"/><line number="605" hits="384"/><line number="606" hits="384"/><line number="607" hits="384"/><line number="608" hits="384"/><line number="609" hits="384"/><line number="611" hits="120"/><line number="612" hits="648"/><line number="615" hits="480"/><line number="616" hits="240"/><line number="619" hits="0"/><line number="620" hits="360"/><line number="622" hits="240"/><line number="623" hits="480"/><line number="625" hits="360"/><line number="626" hits="58"/><line number="627" hits="58"/><line number="628" hits="58"/><line number="629" hits="232"/><line number="631" hits="58"/><line number="632" hits="58"/><line number="633" hits="232"/><line number="634" hits="58"/><line number="636" hits="62"/><line number="638" hits="124"/><line number="639" hits="62"/><line number="643" hits="240"/><line number="644" hits="240"/><line number="645" hits="240"/><line number="646" hits="120"/><line number="647" hits="240"/><line number="648" hits="240"/><line number="649" hits="240"/><line number="650" hits="240"/><line number="651" hits="240"/><line number="652" hits="240"/><line number="653" hits="240"/><line number="654" hits="240"/><line number="655" hits="120"/><line number="656" hits="240"/><line number="657" hits="120"/><line number="658" hits="360"/><line number="659" hits="120"/><line number="662" hits="120"/><line number="663" hits="0"/><line number="666" hits="120"/><line number="673" hits="4"/><line number="675" hits="4"/><line number="676" hits="12"/><line number="677" hits="0"/><line number="678" hits="0"/><line number="684" hits="4"/><line number="686" hits="4"/><line number="687" hits="12"/><line number="688" hits="0"/><line number="689" hits="0"/><line number="695" hits="4"/><line number="697" hits="4"/><line number="698" hits="12"/><line number="699" hits="0"/><line number="700" hits="0"/><line number="706" hits="4"/><line number="708" hits="4"/><line number="709" hits="12"/><line number="710" hits="0"/><line number="711" hits="0"/><line number="717" hits="16"/><line number="719" hits="16"/><line number="720" hits="48"/><line number="721" hits="0"/><line number="722" hits="0"/><line number="729" hits="0"/><line number="731" hits="0"/><line number="732" hits="0"/><line number="733" hits="0"/><line number="734" hits="0"/><line number="735" hits="0"/><line number="736" hits="0"/><line number="737" hits="0"/><line number="740" hits="0"/><line number="741" hits="0"/><line number="742" hits="0"/><line number="744" hits="0"/><line number="745" hits="0"/><line number="746" hits="0"/><line number="747" hits="0"/><line number="748" hits="0"/><line number="751" hits="0"/><line number="752" hits="0"/><line number="753" hits="0"/><line number="755" hits="0"/><line number="756" hits="0"/><line number="757" hits="0"/><line number="758" hits="0"/><line number="761" hits="0"/><line number="762" hits="0"/><line number="763" hits="0"/><line number="765" hits="0"/><line number="770" hits="0"/><line number="771" hits="0"/><line number="772" hits="0"/><line number="780" hits="0"/><line number="782" hits="0"/><line number="783" hits="0"/><line number="784" hits="0"/><line number="785" hits="0"/><line number="786" hits="0"/><line number="787" hits="0"/><line number="788" hits="0"/><line number="791" hits="0"/><line number="792" hits="0"/><line number="793" hits="0"/><line number="795" hits="0"/><line number="796" hits="0"/><line number="797" hits="0"/><line number="798" hits="0"/><line number="799" hits="0"/><line number="802" hits="0"/><line number="803" hits="0"/><line number="804" hits="0"/><line number="806" hits="0"/><line number="807" hits="0"/><line number="808" hits="0"/><line number="809" hits="0"/><line number="812" hits="0"/><line number="813" hits="0"/><line number="814" hits="0"/><line number="816" hits="0"/><line number="821" hits="0"/><line number="822" hits="0"/><line number="823" hits="0"/><line number="829" hits="8"/><line number="830" hits="8"/><line number="832" hits="12"/><line number="833" hits="4"/><line number="838" hits="8"/><line number="839" hits="8"/><line number="841" hits="12"/><line number="842" hits="4"/><line number="847" hits="16"/><line number="848" hits="16"/><line number="851" hits="16"/><line number="852" hits="16"/><line number="853" hits="8"/><line number="854" hits="0"/><line number="857" hits="32"/><line number="859" hits="8"/><line number="864" hits="12"/><line number="865" hits="12"/><line number="868" hits="16"/><line number="869" hits="16"/><line number="870" hits="8"/><line number="871" hits="0"/><line number="874" hits="32"/><line number="876" hits="4"/><line number="882" hits="16"/><line number="883" hits="16"/><line number="886" hits="32"/><line number="887" hits="32"/><line number="888" hits="16"/><line number="889" hits="16"/><line number="892" hits="12"/><line number="893" hits="0"/><line number="896" hits="24"/><line number="897" hits="24"/><line number="898" hits="24"/><line number="900" hits="24"/><line number="901" hits="24"/><line number="902" hits="24"/><line number="903" hits="48"/><line number="905" hits="24"/><line number="906" hits="24"/><line number="907" hits="48"/><line number="909" hits="24"/><line number="910" hits="48"/><line number="911" hits="72"/><line number="914" hits="0"/><line number="915" hits="0"/><line number="918" hits="0"/><line number="919" hits="0"/><line number="920" hits="0"/><line number="922" hits="0"/><line number="928" hits="16"/><line number="933" hits="16"/><line number="936" hits="32"/><line number="937" hits="32"/><line number="938" hits="16"/><line number="939" hits="16"/><line number="942" hits="12"/><line number="943" hits="0"/><line number="946" hits="24"/><line number="947" hits="24"/><line number="948" hits="24"/><line number="950" hits="24"/><line number="951" hits="24"/><line number="952" hits="24"/><line number="953" hits="48"/><line number="955" hits="24"/><line number="956" hits="24"/><line number="957" hits="48"/><line number="959" hits="24"/><line number="960" hits="48"/><line number="961" hits="72"/><line number="964" hits="0"/><line number="965" hits="0"/><line number="968" hits="0"/><line number="969" hits="0"/><line number="970" hits="0"/><line number="972" hits="0"/><line number="978" hits="0"/><line number="979" hits="0"/><line number="983" hits="556"/><line number="984" hits="556"/><line number="988" hits="4511"/><line number="990" hits="4511"/><line number="991" hits="8320"/><line number="992" hits="4862"/><line number="998" hits="1600"/><line number="1000" hits="1600"/><line number="1001" hits="538"/><line number="1002" hits="1614"/><line number="1004" hits="2124"/><line number="1010" hits="610"/><line number="1011" hits="610"/><line number="1015" hits="66450"/><line number="1016" hits="66450"/><line number="1023" hits="526"/><line number="1025" hits="0"/><line number="1026" hits="526"/><line number="1027" hits="0"/><line number="1034" hits="0"/><line number="1035" hits="526"/><line number="1036" hits="0"/><line number="1037" hits="110"/><line number="1038" hits="110"/><line number="1039" hits="110"/><line number="1040" hits="110"/><line number="1041" hits="0"/><line number="1042" hits="0"/><line number="1043" hits="330"/><line number="1044" hits="0"/><line number="1045" hits="0"/><line number="1046" hits="0"/><line number="1047" hits="0"/><line number="1050" hits="110"/><line number="1051" hits="110"/><line number="1053" hits="0"/><line number="1054" hits="20"/><line number="1055" hits="20"/><line number="1056" hits="20"/><line number="1057" hits="20"/><line number="1058" hits="0"/><line number="1059" hits="0"/><line number="1060" hits="60"/><line number="1061" hits="0"/><line number="1062" hits="0"/><line number="1063" hits="0"/><line number="1064" hits="0"/><line number="1067" hits="20"/><line number="1069" hits="396"/><line number="1076" hits="606"/><line number="1077" hits="606"/><line number="1078" hits="636"/><line number="1079" hits="636"/><line number="1081" hits="288"/><line number="1086" hits="562"/><line number="1087" hits="2248"/><line number="1089" hits="562"/><line number="1090" hits="28"/><line number="1091" hits="28"/><line number="1092" hits="28"/><line number="1096" hits="534"/></lines></class><class name="object" filename="rarena-allocator/src/object.rs" line-rate="0.7421875" branch-rate="0" complexity="0"><methods/><lines><line number="17" hits="16"/><line number="18" hits="16"/><line number="19" hits="4"/><line number="20" hits="12"/><line number="21" hits="4"/><line number="23" hits="8"/><line number="46" hits="4"/><line number="47" hits="4"/><line number="54" hits="4"/><line number="55" hits="4"/><line number="62" hits="4"/><line number="63" hits="4"/><line number="70" hits="4"/><line number="71" hits="4"/><line number="75" hits="4"/><line number="76" hits="4"/><line number="80" hits="0"/><line number="81" hits="0"/><line number="82" hits="0"/><line number="83" hits="0"/><line number="89" hits="0"/><line number="90" hits="0"/><line number="91" hits="0"/><line number="92" hits="0"/><line number="100" hits="12"/><line number="101" hits="12"/><line number="103" hits="12"/><line number="106" hits="24"/><line number="108" hits="0"/><line number="116" hits="16"/><line number="118" hits="16"/><line number="119" hits="16"/><line number="120" hits="16"/><line number="121" hits="8"/><line number="130" hits="4"/><line number="132" hits="4"/><line number="133" hits="0"/><line number="134" hits="8"/><line number="135" hits="0"/><line number="142" hits="4"/><line number="143" hits="4"/><line number="145" hits="0"/><line number="146" hits="8"/><line number="147" hits="0"/><line number="153" hits="16"/><line number="154" hits="16"/><line number="155" hits="4"/><line number="156" hits="4"/><line number="158" hits="4"/><line number="159" hits="12"/><line number="160" hits="8"/><line number="161" hits="4"/><line number="167" hits="8"/><line number="168" hits="8"/><line number="169" hits="8"/><line number="173" hits="0"/><line number="174" hits="8"/><line number="177" hits="8"/><line number="178" hits="8"/><line number="179" hits="8"/><line number="183" hits="4"/><line number="200" hits="20"/><line number="201" hits="20"/><line number="205" hits="44"/><line number="206" hits="44"/><line number="210" hits="0"/><line number="211" hits="0"/><line number="215" hits="0"/><line number="216" hits="0"/><line number="225" hits="24"/><line number="226" hits="24"/><line number="230" hits="0"/><line number="231" hits="0"/><line number="232" hits="0"/><line number="233" hits="0"/><line number="238" hits="0"/><line number="239" hits="0"/><line number="240" hits="0"/><line number="241" hits="0"/><line number="249" hits="84"/><line number="250" hits="84"/><line number="252" hits="192"/><line number="255" hits="60"/><line number="257" hits="0"/><line number="265" hits="120"/><line number="267" hits="120"/><line number="268" hits="192"/><line number="269" hits="64"/><line number="270" hits="80"/><line number="279" hits="124"/><line number="281" hits="124"/><line number="282" hits="272"/><line number="283" hits="32"/><line number="284" hits="80"/><line number="291" hits="0"/><line number="292" hits="0"/><line number="294" hits="0"/><line number="295" hits="0"/><line number="296" hits="0"/><line number="301" hits="68"/><line number="303" hits="136"/><line number="311" hits="112"/><line number="313" hits="224"/><line number="321" hits="44"/><line number="323" hits="88"/><line number="324" hits="132"/><line number="332" hits="16"/><line number="333" hits="16"/><line number="336" hits="48"/><line number="337" hits="32"/><line number="339" hits="16"/><line number="345" hits="224"/><line number="346" hits="224"/><line number="347" hits="68"/><line number="348" hits="68"/><line number="350" hits="44"/><line number="351" hits="132"/><line number="352" hits="88"/><line number="353" hits="44"/><line number="359" hits="88"/><line number="360" hits="88"/><line number="361" hits="88"/><line number="365" hits="0"/><line number="366" hits="112"/><line number="369" hits="200"/><line number="370" hits="200"/><line number="371" hits="200"/><line number="375" hits="44"/></lines></class><class name="options" filename="rarena-allocator/src/options.rs" line-rate="0.6805555555555556" branch-rate="0" complexity="0"><methods/><lines><line number="13" hits="0"/><line number="14" hits="0"/><line number="40" hits="40"/><line number="41" hits="40"/><line number="42" hits="0"/><line number="43" hits="40"/><line number="44" hits="0"/><line number="45" hits="0"/><line number="88" hits="0"/><line number="89" hits="0"/><line number="96" hits="74"/><line number="161" hits="12"/><line number="162" hits="24"/><line number="163" hits="24"/><line number="196" hits="8"/><line number="197" hits="16"/><line number="198" hits="16"/><line number="202" hits="20"/><line number="203" hits="20"/><line number="204" hits="24"/><line number="205" hits="12"/><line number="207" hits="8"/><line number="227" hits="72"/><line number="228" hits="72"/><line number="229" hits="72"/><line number="248" hits="0"/><line number="249" hits="0"/><line number="250" hits="0"/><line number="251" hits="0"/><line number="253" hits="0"/><line number="254" hits="0"/><line number="274" hits="244"/><line number="275" hits="244"/><line number="276" hits="244"/><line number="299" hits="0"/><line number="300" hits="0"/><line number="301" hits="0"/><line number="318" hits="0"/><line number="319" hits="0"/><line number="320" hits="0"/><line number="337" hits="0"/><line number="338" hits="0"/><line number="339" hits="0"/><line number="360" hits="152"/><line number="361" hits="152"/><line number="362" hits="152"/><line number="380" hits="8"/><line number="381" hits="8"/><line number="382" hits="8"/><line number="396" hits="100"/><line number="397" hits="100"/><line number="398" hits="100"/><line number="419" hits="976"/><line number="420" hits="976"/><line number="435" hits="420"/><line number="436" hits="420"/><line number="451" hits="292"/><line number="452" hits="292"/><line number="453" hits="584"/><line number="454" hits="0"/><line number="470" hits="538"/><line number="471" hits="538"/><line number="489" hits="526"/><line number="490" hits="526"/><line number="513" hits="420"/><line number="514" hits="420"/><line number="534" hits="612"/><line number="535" hits="612"/><line number="550" hits="584"/><line number="551" hits="584"/><line number="576" hits="292"/><line number="577" hits="292"/></lines></class><class name="sealed" filename="rarena-allocator/src/sealed.rs" line-rate="0.6923076923076923" branch-rate="0" complexity="0"><methods/><lines><line number="12" hits="288"/><line number="13" hits="576"/><line number="16" hits="0"/><line number="17" hits="0"/><line number="20" hits="0"/><line number="21" hits="0"/><line number="26" hits="238"/><line number="27" hits="476"/><line number="30" hits="72"/><line number="31" hits="144"/><line number="32" hits="144"/><line number="33" hits="72"/><line number="34" hits="72"/><line number="37" hits="310"/><line number="38" hits="620"/><line number="39" hits="620"/><line number="40" hits="310"/><line number="41" hits="310"/><line number="59" hits="70"/><line number="60" hits="140"/><line number="64" hits="0"/><line number="65" hits="0"/><line number="72" hits="60"/><line number="73" hits="120"/><line number="77" hits="0"/><line number="78" hits="0"/></lines></class><class name="sync" filename="rarena-allocator/src/sync.rs" line-rate="0.7081481481481482" branch-rate="0" complexity="0"><methods/><lines><line number="40" hits="274"/><line number="42" hits="822"/><line number="43" hits="548"/><line number="44" hits="548"/><line number="45" hits="274"/><line number="51" hits="8"/><line number="52" hits="24"/><line number="56" hits="2"/><line number="57" hits="6"/><line number="70" hits="0"/><line number="71" hits="0"/><line number="72" hits="0"/><line number="73" hits="0"/><line number="74" hits="0"/><line number="83" hits="1349"/><line number="84" hits="1349"/><line number="90" hits="274"/><line number="92" hits="274"/><line number="112" hits="364"/><line number="114" hits="728"/><line number="116" hits="364"/><line number="122" hits="358"/><line number="125" hits="1432"/><line number="126" hits="358"/><line number="131" hits="358"/><line number="132" hits="716"/><line number="134" hits="1432"/><line number="156" hits="2"/><line number="157" hits="6"/><line number="158" hits="8"/><line number="160" hits="26"/><line number="161" hits="24"/><line number="162" hits="22"/><line number="163" hits="20"/><line number="164" hits="22"/><line number="165" hits="16"/><line number="166" hits="14"/><line number="167" hits="12"/><line number="168" hits="10"/><line number="169" hits="8"/><line number="170" hits="6"/><line number="171" hits="4"/><line number="177" hits="672"/><line number="179" hits="2016"/><line number="181" hits="2688"/><line number="182" hits="672"/><line number="183" hits="0"/><line number="190" hits="1344"/><line number="191" hits="1344"/><line number="192" hits="1344"/><line number="193" hits="1344"/><line number="194" hits="1344"/><line number="195" hits="1344"/><line number="196" hits="1344"/><line number="197" hits="1344"/><line number="198" hits="1344"/><line number="199" hits="1344"/><line number="200" hits="1344"/><line number="201" hits="672"/><line number="202" hits="672"/><line number="209" hits="288"/><line number="210" hits="864"/><line number="213" hits="864"/><line number="214" hits="864"/><line number="215" hits="864"/><line number="216" hits="864"/><line number="217" hits="864"/><line number="218" hits="864"/><line number="219" hits="864"/><line number="221" hits="864"/><line number="222" hits="864"/><line number="223" hits="576"/><line number="224" hits="1152"/><line number="225" hits="288"/><line number="242" hits="140"/><line number="244" hits="140"/><line number="254" hits="2"/><line number="255" hits="2"/><line number="259" hits="18"/><line number="260" hits="18"/><line number="261" hits="4"/><line number="265" hits="28"/><line number="269" hits="14"/><line number="271" hits="14"/><line number="272" hits="0"/><line number="275" hits="14"/><line number="276" hits="0"/><line number="279" hits="28"/><line number="284" hits="112"/><line number="285" hits="112"/><line number="286" hits="22"/><line number="289" hits="180"/><line number="292" hits="360"/><line number="293" hits="90"/><line number="295" hits="170"/><line number="296" hits="102"/><line number="298" hits="136"/><line number="301" hits="168"/><line number="306" hits="50"/><line number="307" hits="250"/><line number="308" hits="0"/><line number="309" hits="200"/><line number="326" hits="1224"/><line number="327" hits="6114"/><line number="328" hits="4"/><line number="329" hits="4864"/><line number="368" hits="242"/><line number="369" hits="484"/><line number="373" hits="1528"/><line number="374" hits="1528"/><line number="378" hits="146"/><line number="379" hits="146"/><line number="382" hits="2"/><line number="384" hits="2"/><line number="385" hits="0"/><line number="388" hits="4"/><line number="389" hits="4"/><line number="391" hits="2"/><line number="396" hits="930"/><line number="398" hits="2790"/><line number="400" hits="1860"/><line number="401" hits="1860"/><line number="402" hits="3720"/><line number="405" hits="532"/><line number="408" hits="398"/><line number="409" hits="0"/><line number="410" hits="6"/><line number="411" hits="2"/><line number="413" hits="896"/><line number="414" hits="688"/><line number="419" hits="10"/><line number="420" hits="10"/><line number="421" hits="0"/><line number="424" hits="10"/><line number="425" hits="0"/><line number="426" hits="20"/><line number="431" hits="6"/><line number="432" hits="18"/><line number="436" hits="448"/><line number="438" hits="0"/><line number="440" hits="1792"/><line number="444" hits="2"/><line number="445" hits="2"/><line number="449" hits="8"/><line number="450" hits="24"/><line number="454" hits="4"/><line number="455" hits="4"/><line number="456" hits="4"/><line number="457" hits="4"/><line number="458" hits="12"/><line number="464" hits="4"/><line number="466" hits="8"/><line number="470" hits="0"/><line number="472" hits="0"/><line number="473" hits="0"/><line number="478" hits="14"/><line number="479" hits="14"/><line number="483" hits="230"/><line number="484" hits="230"/><line number="488" hits="64146"/><line number="489" hits="192438"/><line number="493" hits="130"/><line number="494" hits="520"/><line number="497" hits="20"/><line number="498" hits="60"/><line number="499" hits="80"/><line number="500" hits="40"/><line number="501" hits="40"/><line number="502" hits="40"/><line number="503" hits="24"/><line number="504" hits="8"/><line number="505" hits="16"/><line number="507" hits="8"/><line number="508" hits="6"/><line number="509" hits="0"/><line number="511" hits="12"/><line number="512" hits="30"/><line number="514" hits="2"/><line number="515" hits="2"/><line number="517" hits="0"/><line number="520" hits="24"/><line number="521" hits="24"/><line number="522" hits="2"/><line number="526" hits="80"/><line number="530" hits="2"/><line number="531" hits="2"/><line number="540" hits="4131"/><line number="543" hits="4131"/><line number="552" hits="358"/><line number="553" hits="1074"/><line number="554" hits="1074"/><line number="555" hits="1432"/><line number="556" hits="1074"/><line number="557" hits="716"/><line number="558" hits="0"/><line number="560" hits="650"/><line number="561" hits="358"/><line number="563" hits="74"/><line number="567" hits="576"/><line number="568" hits="0"/><line number="571" hits="576"/><line number="572" hits="0"/><line number="573" hits="0"/><line number="574" hits="0"/><line number="576" hits="0"/><line number="578" hits="0"/><line number="579" hits="0"/><line number="580" hits="0"/><line number="584" hits="576"/><line number="585" hits="58"/><line number="588" hits="2072"/><line number="589" hits="2072"/><line number="590" hits="1554"/><line number="591" hits="518"/><line number="592" hits="0"/><line number="593" hits="0"/><line number="596" hits="1036"/><line number="597" hits="226"/><line number="600" hits="292"/><line number="601" hits="292"/><line number="602" hits="292"/><line number="603" hits="292"/><line number="609" hits="189"/><line number="614" hits="567"/><line number="615" hits="567"/><line number="616" hits="756"/><line number="617" hits="567"/><line number="618" hits="378"/><line number="619" hits="0"/><line number="621" hits="330"/><line number="622" hits="189"/><line number="624" hits="0"/><line number="628" hits="351"/><line number="629" hits="0"/><line number="632" hits="330"/><line number="633" hits="21"/><line number="634" hits="0"/><line number="636" hits="42"/><line number="638" hits="42"/><line number="639" hits="63"/><line number="640" hits="21"/><line number="644" hits="309"/><line number="645" hits="10"/><line number="648" hits="1196"/><line number="649" hits="1196"/><line number="650" hits="897"/><line number="652" hits="598"/><line number="653" hits="179"/><line number="654" hits="0"/><line number="655" hits="0"/><line number="658" hits="358"/><line number="661" hits="240"/><line number="662" hits="120"/><line number="663" hits="120"/><line number="664" hits="120"/><line number="669" hits="224"/><line number="671" hits="876"/><line number="672" hits="20"/><line number="675" hits="408"/><line number="677" hits="0"/><line number="678" hits="612"/><line number="679" hits="664"/><line number="680" hits="256"/><line number="682" hits="408"/><line number="683" hits="204"/><line number="685" hits="204"/><line number="687" hits="0"/><line number="688" hits="0"/><line number="691" hits="204"/><line number="693" hits="0"/><line number="694" hits="0"/><line number="697" hits="612"/><line number="699" hits="612"/><line number="700" hits="408"/><line number="701" hits="816"/><line number="702" hits="204"/><line number="703" hits="204"/><line number="705" hits="0"/><line number="707" hits="0"/><line number="708" hits="0"/><line number="709" hits="0"/><line number="710" hits="0"/><line number="713" hits="612"/><line number="714" hits="204"/><line number="716" hits="0"/><line number="717" hits="0"/><line number="719" hits="0"/><line number="721" hits="0"/><line number="723" hits="0"/><line number="731" hits="172"/><line number="733" hits="670"/><line number="734" hits="18"/><line number="737" hits="308"/><line number="739" hits="0"/><line number="740" hits="462"/><line number="741" hits="570"/><line number="742" hits="262"/><line number="744" hits="308"/><line number="745" hits="154"/><line number="747" hits="154"/><line number="749" hits="0"/><line number="750" hits="0"/><line number="753" hits="154"/><line number="755" hits="0"/><line number="756" hits="0"/><line number="759" hits="462"/><line number="761" hits="462"/><line number="762" hits="308"/><line number="763" hits="616"/><line number="764" hits="154"/><line number="765" hits="154"/><line number="767" hits="0"/><line number="769" hits="0"/><line number="770" hits="0"/><line number="771" hits="0"/><line number="772" hits="0"/><line number="775" hits="462"/><line number="776" hits="154"/><line number="778" hits="0"/><line number="779" hits="0"/><line number="781" hits="0"/><line number="783" hits="0"/><line number="785" hits="0"/><line number="793" hits="1224"/><line number="794" hits="1224"/><line number="795" hits="2"/><line number="798" hits="1222"/><line number="799" hits="2"/><line number="801" hits="3660"/><line number="802" hits="4880"/><line number="804" hits="0"/><line number="805" hits="2464"/><line number="806" hits="1232"/><line number="807" hits="302"/><line number="810" hits="2790"/><line number="811" hits="1860"/><line number="812" hits="1860"/><line number="813" hits="930"/><line number="814" hits="930"/><line number="816" hits="918"/><line number="818" hits="0"/><line number="820" hits="4590"/><line number="821" hits="2754"/><line number="822" hits="918"/><line number="824" hits="24"/><line number="829" hits="604"/><line number="831" hits="0"/><line number="832" hits="318"/><line number="833" hits="0"/><line number="834" hits="0"/><line number="835" hits="0"/><line number="836" hits="0"/><line number="839" hits="320"/><line number="840" hits="300"/><line number="841" hits="10"/><line number="842" hits="10"/><line number="843" hits="2"/><line number="847" hits="316"/><line number="848" hits="296"/><line number="849" hits="10"/><line number="850" hits="10"/><line number="851" hits="2"/><line number="857" hits="16"/><line number="940" hits="50"/><line number="941" hits="50"/><line number="942" hits="0"/><line number="945" hits="50"/><line number="946" hits="0"/><line number="949" hits="150"/><line number="950" hits="200"/><line number="952" hits="0"/><line number="953" hits="150"/><line number="954" hits="100"/><line number="955" hits="100"/><line number="956" hits="50"/><line number="957" hits="0"/><line number="960" hits="150"/><line number="961" hits="100"/><line number="962" hits="100"/><line number="963" hits="50"/><line number="964" hits="50"/><line number="966" hits="50"/><line number="967" hits="250"/><line number="968" hits="100"/><line number="970" hits="0"/><line number="971" hits="0"/><line number="972" hits="0"/><line number="973" hits="0"/><line number="975" hits="50"/><line number="977" hits="0"/><line number="982" hits="0"/><line number="983" hits="0"/><line number="984" hits="0"/><line number="985" hits="0"/><line number="986" hits="0"/><line number="987" hits="0"/><line number="988" hits="0"/><line number="991" hits="0"/><line number="992" hits="0"/><line number="993" hits="0"/><line number="994" hits="0"/><line number="995" hits="0"/><line number="997" hits="0"/><line number="998" hits="0"/><line number="999" hits="0"/><line number="1004" hits="0"/><line number="1005" hits="0"/><line number="1006" hits="0"/><line number="1007" hits="0"/><line number="1008" hits="0"/><line number="1010" hits="0"/><line number="1011" hits="0"/><line number="1012" hits="0"/><line number="1018" hits="0"/><line number="1092" hits="90"/><line number="1093" hits="90"/><line number="1094" hits="0"/><line number="1097" hits="180"/><line number="1098" hits="90"/><line number="1099" hits="0"/><line number="1102" hits="270"/><line number="1103" hits="360"/><line number="1104" hits="0"/><line number="1105" hits="270"/><line number="1106" hits="180"/><line number="1107" hits="180"/><line number="1108" hits="90"/><line number="1109" hits="0"/><line number="1112" hits="270"/><line number="1113" hits="180"/><line number="1114" hits="180"/><line number="1115" hits="90"/><line number="1116" hits="90"/><line number="1118" hits="90"/><line number="1119" hits="450"/><line number="1120" hits="180"/><line number="1123" hits="0"/><line number="1124" hits="0"/><line number="1125" hits="0"/><line number="1126" hits="0"/><line number="1129" hits="270"/><line number="1130" hits="90"/><line number="1132" hits="0"/><line number="1137" hits="0"/><line number="1139" hits="0"/><line number="1140" hits="0"/><line number="1141" hits="0"/><line number="1142" hits="0"/><line number="1143" hits="0"/><line number="1144" hits="0"/><line number="1147" hits="0"/><line number="1148" hits="0"/><line number="1149" hits="0"/><line number="1150" hits="0"/><line number="1152" hits="0"/><line number="1153" hits="0"/><line number="1154" hits="0"/><line number="1158" hits="0"/><line number="1159" hits="0"/><line number="1160" hits="0"/><line number="1161" hits="0"/><line number="1163" hits="0"/><line number="1164" hits="0"/><line number="1165" hits="0"/><line number="1171" hits="0"/><line number="1250" hits="158"/><line number="1251" hits="158"/><line number="1252" hits="0"/><line number="1255" hits="316"/><line number="1258" hits="716"/><line number="1259" hits="1165"/><line number="1261" hits="10"/><line number="1262" hits="20"/><line number="1263" hits="10"/><line number="1267" hits="537"/><line number="1268" hits="179"/><line number="1270" hits="0"/><line number="1271" hits="0"/><line number="1274" hits="537"/><line number="1275" hits="179"/><line number="1277" hits="0"/><line number="1278" hits="0"/><line number="1282" hits="537"/><line number="1283" hits="358"/><line number="1285" hits="358"/><line number="1286" hits="358"/><line number="1287" hits="179"/><line number="1288" hits="179"/><line number="1293" hits="60"/><line number="1294" hits="30"/><line number="1297" hits="298"/><line number="1299" hits="745"/><line number="1302" hits="596"/><line number="1303" hits="447"/><line number="1304" hits="298"/><line number="1305" hits="298"/><line number="1306" hits="149"/><line number="1307" hits="149"/><line number="1317" hits="296"/><line number="1318" hits="296"/><line number="1320" hits="592"/><line number="1321" hits="0"/><line number="1327" hits="0"/><line number="1330" hits="740"/><line number="1331" hits="148"/><line number="1332" hits="148"/><line number="1334" hits="296"/><line number="1336" hits="148"/><line number="1338" hits="1"/><line number="1339" hits="2"/><line number="1340" hits="2"/><line number="1342" hits="1"/><line number="1344" hits="0"/><line number="1352" hits="160"/><line number="1353" hits="160"/><line number="1354" hits="0"/><line number="1357" hits="320"/><line number="1358" hits="480"/><line number="1361" hits="552"/><line number="1362" hits="552"/><line number="1365" hits="184"/><line number="1366" hits="184"/><line number="1368" hits="10"/><line number="1369" hits="20"/><line number="1370" hits="10"/><line number="1374" hits="174"/><line number="1376" hits="0"/><line number="1377" hits="0"/><line number="1380" hits="696"/><line number="1381" hits="696"/><line number="1382" hits="348"/><line number="1383" hits="174"/><line number="1385" hits="174"/><line number="1387" hits="18"/><line number="1388" hits="9"/><line number="1392" hits="165"/><line number="1393" hits="0"/><line number="1394" hits="0"/><line number="1395" hits="0"/><line number="1399" hits="330"/><line number="1402" hits="825"/><line number="1404" hits="165"/><line number="1406" hits="0"/><line number="1407" hits="0"/><line number="1411" hits="495"/><line number="1412" hits="330"/><line number="1414" hits="330"/><line number="1415" hits="330"/><line number="1416" hits="165"/><line number="1417" hits="165"/><line number="1422" hits="30"/><line number="1423" hits="15"/><line number="1427" hits="450"/><line number="1428" hits="300"/><line number="1429" hits="600"/><line number="1430" hits="150"/><line number="1431" hits="150"/><line number="1441" hits="300"/><line number="1442" hits="300"/><line number="1444" hits="600"/><line number="1445" hits="0"/><line number="1451" hits="0"/><line number="1454" hits="750"/><line number="1455" hits="150"/><line number="1456" hits="150"/><line number="1458" hits="300"/><line number="1460" hits="150"/><line number="1462" hits="0"/><line number="1463" hits="0"/><line number="1464" hits="0"/><line number="1466" hits="0"/><line number="1468" hits="0"/><line number="1475" hits="10"/><line number="1476" hits="20"/><line number="1477" hits="30"/><line number="1478" hits="20"/><line number="1480" hits="180"/><line number="1481" hits="180"/><line number="1484" hits="60"/><line number="1485" hits="60"/><line number="1487" hits="10"/><line number="1490" hits="50"/><line number="1492" hits="0"/><line number="1493" hits="0"/><line number="1496" hits="200"/><line number="1497" hits="200"/><line number="1498" hits="100"/><line number="1499" hits="50"/><line number="1501" hits="50"/><line number="1503" hits="0"/><line number="1504" hits="0"/><line number="1508" hits="250"/><line number="1510" hits="50"/><line number="1512" hits="0"/><line number="1513" hits="0"/><line number="1517" hits="150"/><line number="1518" hits="100"/><line number="1520" hits="100"/><line number="1521" hits="100"/><line number="1522" hits="50"/><line number="1523" hits="50"/><line number="1528" hits="0"/><line number="1529" hits="0"/><line number="1533" hits="150"/><line number="1534" hits="100"/><line number="1535" hits="200"/><line number="1536" hits="50"/><line number="1537" hits="50"/><line number="1541" hits="150"/><line number="1542" hits="50"/><line number="1543" hits="50"/><line number="1545" hits="0"/><line number="1546" hits="0"/><line number="1547" hits="0"/><line number="1549" hits="0"/><line number="1551" hits="0"/><line number="1560" hits="298"/><line number="1561" hits="596"/><line number="1562" hits="46"/><line number="1565" hits="504"/><line number="1566" hits="504"/><line number="1567" hits="504"/><line number="1568" hits="252"/><line number="1569" hits="252"/><line number="1572" hits="0"/><line number="1573" hits="0"/><line number="1574" hits="0"/><line number="1577" hits="0"/><line number="1581" hits="396"/><line number="1582" hits="790"/><line number="1583" hits="2"/><line number="1586" hits="788"/><line number="1587" hits="788"/><line number="1588" hits="788"/><line number="1589" hits="394"/><line number="1590" hits="0"/><line number="1591" hits="0"/><line number="1594" hits="788"/><line number="1595" hits="1182"/><line number="1596" hits="108"/><line number="1597" hits="36"/><line number="1600" hits="358"/><line number="1601" hits="716"/><line number="1602" hits="716"/><line number="1603" hits="358"/><line number="1604" hits="358"/><line number="1609" hits="1182"/><line number="1612" hits="4728"/><line number="1613" hits="1182"/><line number="1618" hits="0"/><line number="1619" hits="0"/><line number="1620" hits="0"/><line number="1621" hits="0"/><line number="1645" hits="0"/><line number="1646" hits="0"/><line number="1647" hits="0"/><line number="1650" hits="0"/><line number="1651" hits="0"/><line number="1653" hits="0"/><line number="1654" hits="0"/><line number="1655" hits="0"/><line number="1658" hits="0"/><line number="1659" hits="0"/><line number="1662" hits="0"/><line number="1664" hits="0"/><line number="1665" hits="0"/><line number="1667" hits="0"/><line number="1673" hits="960"/><line number="1675" hits="2880"/><line number="1676" hits="1920"/><line number="1678" hits="1920"/><line number="1679" hits="672"/><line number="1702" hits="864"/><line number="1704" hits="864"/><line number="1708" hits="576"/></lines></class><class name="tests" filename="rarena-allocator/src/tests.rs" line-rate="0.9956521739130435" branch-rate="0" complexity="0"><methods/><lines><line number="8" hits="506"/><line number="10" hits="506"/><line number="13" hits="0"/><line number="24" hits="4"/><line number="25" hits="8"/><line number="29" hits="4"/><line number="30" hits="8"/><line number="35" hits="4"/><line number="36" hits="8"/><line number="41" hits="4"/><line number="42" hits="8"/><line number="48" hits="4"/><line number="49" hits="8"/><line number="55" hits="4"/><line number="56" hits="8"/><line number="60" hits="4"/><line number="61" hits="8"/><line number="62" hits="12"/><line number="67" hits="4"/><line number="68" hits="8"/><line number="69" hits="4"/><line number="71" hits="4"/><line number="72" hits="4"/><line number="73" hits="4"/><line number="80" hits="4"/><line number="81" hits="8"/><line number="82" hits="4"/><line number="84" hits="4"/><line number="85" hits="4"/><line number="92" hits="4"/><line number="93" hits="8"/><line number="94" hits="4"/><line number="96" hits="4"/><line number="97" hits="4"/><line number="98" hits="4"/><line number="106" hits="4"/><line number="107" hits="4"/><line number="108" hits="12"/><line number="109" hits="8"/><line number="110" hits="4"/><line number="111" hits="8"/><line number="112" hits="4"/><line number="113" hits="4"/><line number="114" hits="4"/><line number="115" hits="4"/><line number="116" hits="8"/><line number="117" hits="4"/><line number="118" hits="8"/><line number="124" hits="4"/><line number="125" hits="8"/><line number="126" hits="4"/><line number="127" hits="8"/><line number="134" hits="4"/><line number="135" hits="8"/><line number="136" hits="4"/><line number="138" hits="4"/><line number="139" hits="4"/><line number="140" hits="4"/><line number="148" hits="4"/><line number="149" hits="4"/><line number="150" hits="12"/><line number="151" hits="12"/><line number="153" hits="4"/><line number="154" hits="4"/><line number="155" hits="4"/><line number="156" hits="4"/><line number="157" hits="8"/><line number="158" hits="4"/><line number="159" hits="8"/><line number="165" hits="4"/><line number="166" hits="8"/><line number="167" hits="4"/><line number="169" hits="4"/><line number="170" hits="4"/><line number="177" hits="4"/><line number="178" hits="8"/><line number="179" hits="4"/><line number="181" hits="4"/><line number="182" hits="4"/><line number="183" hits="4"/><line number="189" hits="4"/><line number="190" hits="8"/><line number="191" hits="12"/><line number="196" hits="4"/><line number="197" hits="8"/><line number="198" hits="4"/><line number="200" hits="4"/><line number="201" hits="4"/><line number="202" hits="4"/><line number="210" hits="4"/><line number="211" hits="4"/><line number="212" hits="12"/><line number="213" hits="8"/><line number="214" hits="4"/><line number="215" hits="8"/><line number="216" hits="4"/><line number="217" hits="4"/><line number="218" hits="4"/><line number="219" hits="4"/><line number="220" hits="8"/><line number="221" hits="4"/><line number="222" hits="8"/><line number="228" hits="4"/><line number="229" hits="8"/><line number="230" hits="4"/><line number="232" hits="4"/><line number="233" hits="4"/><line number="240" hits="4"/><line number="241" hits="8"/><line number="242" hits="4"/><line number="244" hits="4"/><line number="245" hits="4"/><line number="246" hits="4"/><line number="252" hits="4"/><line number="253" hits="8"/><line number="254" hits="12"/><line number="259" hits="4"/><line number="260" hits="8"/><line number="261" hits="4"/><line number="263" hits="4"/><line number="264" hits="4"/><line number="265" hits="4"/><line number="273" hits="4"/><line number="274" hits="4"/><line number="275" hits="12"/><line number="276" hits="8"/><line number="277" hits="4"/><line number="278" hits="8"/><line number="279" hits="4"/><line number="280" hits="4"/><line number="281" hits="4"/><line number="282" hits="4"/><line number="283" hits="8"/><line number="284" hits="4"/><line number="285" hits="8"/><line number="291" hits="4"/><line number="292" hits="8"/><line number="293" hits="4"/><line number="295" hits="4"/><line number="296" hits="4"/><line number="303" hits="4"/><line number="304" hits="8"/><line number="305" hits="4"/><line number="307" hits="4"/><line number="308" hits="4"/><line number="309" hits="4"/><line number="315" hits="4"/><line number="316" hits="8"/><line number="317" hits="12"/><line number="322" hits="4"/><line number="323" hits="8"/><line number="324" hits="4"/><line number="326" hits="4"/><line number="327" hits="4"/><line number="328" hits="4"/><line number="336" hits="4"/><line number="337" hits="4"/><line number="338" hits="12"/><line number="339" hits="8"/><line number="340" hits="4"/><line number="341" hits="8"/><line number="342" hits="4"/><line number="343" hits="4"/><line number="344" hits="4"/><line number="345" hits="4"/><line number="346" hits="8"/><line number="347" hits="4"/><line number="348" hits="8"/><line number="354" hits="4"/><line number="355" hits="8"/><line number="356" hits="4"/><line number="358" hits="4"/><line number="359" hits="4"/><line number="366" hits="4"/><line number="367" hits="8"/><line number="368" hits="4"/><line number="370" hits="4"/><line number="371" hits="4"/><line number="372" hits="4"/><line number="378" hits="4"/><line number="379" hits="8"/><line number="380" hits="4"/><line number="381" hits="8"/><line number="387" hits="4"/><line number="388" hits="8"/><line number="389" hits="4"/><line number="391" hits="4"/><line number="392" hits="4"/><line number="393" hits="4"/><line number="401" hits="4"/><line number="402" hits="4"/><line number="403" hits="12"/><line number="404" hits="8"/><line number="405" hits="4"/><line number="406" hits="8"/><line number="407" hits="4"/><line number="408" hits="4"/><line number="409" hits="4"/><line number="410" hits="4"/><line number="411" hits="8"/><line number="412" hits="4"/><line number="413" hits="8"/><line number="419" hits="4"/><line number="420" hits="8"/><line number="421" hits="4"/><line number="423" hits="4"/><line number="424" hits="4"/><line number="431" hits="4"/><line number="432" hits="8"/><line number="433" hits="4"/><line number="435" hits="4"/><line number="436" hits="4"/><line number="437" hits="4"/><line number="444" hits="4"/><line number="445" hits="8"/><line number="449" hits="4"/><line number="450" hits="4"/><line number="451" hits="8"/><line number="452" hits="4"/><line number="453" hits="4"/><line number="454" hits="20"/><line number="455" hits="12"/><line number="456" hits="12"/><line number="458" hits="8"/><line number="459" hits="16"/><line number="461" hits="4"/><line number="463" hits="12"/><line number="470" hits="4"/><line number="471" hits="8"/><line number="475" hits="4"/><line number="476" hits="4"/><line number="477" hits="8"/><line number="478" hits="4"/><line number="479" hits="4"/><line number="480" hits="20"/><line number="482" hits="12"/><line number="483" hits="12"/><line number="485" hits="8"/><line number="486" hits="16"/><line number="488" hits="4"/><line number="490" hits="12"/><line number="498" hits="4"/><line number="499" hits="8"/><line number="500" hits="4"/><line number="506" hits="4"/><line number="507" hits="8"/><line number="508" hits="8"/><line number="509" hits="12"/><line number="510" hits="20"/><line number="516" hits="4"/><line number="517" hits="8"/><line number="518" hits="4"/><line number="519" hits="4"/><line number="520" hits="4"/><line number="521" hits="12"/><line number="522" hits="20"/><line number="529" hits="4"/><line number="530" hits="4"/><line number="531" hits="12"/><line number="532" hits="8"/><line number="533" hits="4"/><line number="534" hits="8"/><line number="535" hits="4"/><line number="536" hits="4"/><line number="537" hits="4"/><line number="538" hits="4"/><line number="539" hits="4"/><line number="540" hits="12"/><line number="541" hits="20"/><line number="542" hits="12"/><line number="548" hits="4"/><line number="549" hits="8"/><line number="550" hits="8"/><line number="551" hits="12"/><line number="553" hits="20"/><line number="559" hits="4"/><line number="560" hits="8"/><line number="561" hits="4"/><line number="562" hits="4"/><line number="563" hits="4"/><line number="564" hits="12"/><line number="565" hits="20"/><line number="571" hits="4"/><line number="572" hits="8"/><line number="573" hits="4"/><line number="574" hits="8"/><line number="581" hits="4"/><line number="582" hits="8"/><line number="583" hits="4"/><line number="585" hits="4"/><line number="586" hits="4"/><line number="587" hits="4"/><line number="595" hits="4"/><line number="596" hits="4"/><line number="597" hits="12"/><line number="598" hits="8"/><line number="599" hits="4"/><line number="600" hits="8"/><line number="601" hits="4"/><line number="602" hits="4"/><line number="603" hits="4"/><line number="604" hits="4"/><line number="605" hits="8"/><line number="606" hits="4"/><line number="607" hits="8"/><line number="613" hits="4"/><line number="614" hits="8"/><line number="615" hits="4"/><line number="617" hits="4"/><line number="618" hits="4"/><line number="625" hits="4"/><line number="626" hits="8"/><line number="627" hits="4"/><line number="629" hits="4"/><line number="630" hits="4"/><line number="631" hits="4"/><line number="639" hits="4"/><line number="640" hits="8"/><line number="641" hits="4"/><line number="648" hits="4"/><line number="649" hits="8"/><line number="650" hits="4"/><line number="655" hits="4"/><line number="656" hits="8"/><line number="657" hits="4"/><line number="659" hits="4"/><line number="660" hits="4"/><line number="661" hits="4"/><line number="667" hits="4"/><line number="668" hits="8"/><line number="669" hits="4"/><line number="671" hits="4"/><line number="672" hits="4"/><line number="673" hits="4"/><line number="674" hits="4"/><line number="682" hits="4"/><line number="683" hits="4"/><line number="684" hits="12"/><line number="685" hits="8"/><line number="686" hits="4"/><line number="687" hits="8"/><line number="688" hits="4"/><line number="689" hits="4"/><line number="690" hits="4"/><line number="691" hits="4"/><line number="692" hits="4"/><line number="693" hits="8"/><line number="694" hits="4"/><line number="695" hits="8"/><line number="701" hits="4"/><line number="702" hits="8"/><line number="703" hits="4"/><line number="705" hits="4"/><line number="706" hits="4"/><line number="707" hits="4"/><line number="714" hits="4"/><line number="715" hits="8"/><line number="716" hits="4"/><line number="718" hits="4"/><line number="719" hits="4"/><line number="720" hits="4"/><line number="721" hits="4"/><line number="728" hits="4"/><line number="729" hits="8"/><line number="730" hits="4"/><line number="732" hits="8"/><line number="733" hits="4"/><line number="734" hits="4"/><line number="742" hits="4"/><line number="743" hits="8"/><line number="744" hits="4"/><line number="746" hits="4"/><line number="747" hits="8"/><line number="748" hits="4"/><line number="749" hits="4"/><line number="758" hits="4"/><line number="759" hits="4"/><line number="760" hits="12"/><line number="761" hits="16"/><line number="765" hits="4"/><line number="766" hits="4"/><line number="767" hits="4"/><line number="768" hits="4"/><line number="769" hits="8"/><line number="770" hits="8"/><line number="771" hits="4"/><line number="772" hits="8"/><line number="778" hits="4"/><line number="779" hits="8"/><line number="780" hits="4"/><line number="782" hits="8"/><line number="783" hits="4"/><line number="784" hits="4"/><line number="792" hits="4"/><line number="793" hits="8"/><line number="794" hits="4"/><line number="796" hits="4"/><line number="797" hits="8"/><line number="798" hits="4"/><line number="799" hits="4"/><line number="807" hits="4"/><line number="808" hits="8"/><line number="809" hits="4"/><line number="815" hits="4"/><line number="816" hits="8"/><line number="817" hits="4"/><line number="819" hits="4"/><line number="820" hits="4"/><line number="821" hits="4"/><line number="828" hits="4"/><line number="829" hits="8"/><line number="830" hits="4"/><line number="832" hits="4"/><line number="833" hits="4"/><line number="834" hits="4"/><line number="841" hits="4"/><line number="842" hits="8"/><line number="843" hits="4"/><line number="845" hits="4"/><line number="846" hits="4"/><line number="847" hits="4"/><line number="854" hits="4"/><line number="855" hits="8"/><line number="856" hits="4"/><line number="858" hits="4"/><line number="859" hits="4"/><line number="860" hits="4"/><line number="867" hits="4"/><line number="868" hits="8"/><line number="869" hits="4"/><line number="871" hits="4"/><line number="872" hits="4"/><line number="873" hits="4"/><line number="880" hits="4"/><line number="881" hits="8"/><line number="882" hits="4"/><line number="884" hits="4"/><line number="885" hits="4"/><line number="886" hits="4"/><line number="893" hits="4"/><line number="894" hits="8"/><line number="895" hits="4"/><line number="897" hits="4"/><line number="898" hits="4"/><line number="899" hits="4"/><line number="906" hits="4"/><line number="907" hits="8"/><line number="908" hits="4"/><line number="910" hits="4"/><line number="911" hits="4"/><line number="912" hits="4"/><line number="919" hits="4"/><line number="920" hits="8"/><line number="921" hits="4"/><line number="923" hits="4"/><line number="924" hits="4"/><line number="931" hits="4"/><line number="932" hits="8"/><line number="933" hits="4"/><line number="935" hits="4"/><line number="936" hits="4"/><line number="937" hits="4"/><line number="945" hits="4"/><line number="946" hits="8"/><line number="947" hits="4"/><line number="954" hits="4"/><line number="955" hits="8"/><line number="956" hits="4"/><line number="963" hits="4"/><line number="964" hits="8"/><line number="965" hits="4"/><line number="971" hits="4"/><line number="972" hits="8"/><line number="973" hits="4"/><line number="975" hits="4"/><line number="976" hits="4"/><line number="977" hits="4"/><line number="984" hits="4"/><line number="985" hits="8"/><line number="986" hits="4"/><line number="988" hits="4"/><line number="989" hits="8"/><line number="990" hits="4"/><line number="991" hits="4"/><line number="998" hits="4"/><line number="999" hits="8"/><line number="1000" hits="4"/><line number="1002" hits="4"/><line number="1003" hits="8"/><line number="1004" hits="4"/><line number="1005" hits="4"/><line number="1012" hits="4"/><line number="1013" hits="8"/><line number="1014" hits="4"/><line number="1016" hits="4"/><line number="1017" hits="4"/><line number="1018" hits="4"/><line number="1025" hits="4"/><line number="1026" hits="8"/><line number="1027" hits="4"/><line number="1029" hits="4"/><line number="1030" hits="4"/><line number="1031" hits="4"/><line number="1038" hits="4"/><line number="1039" hits="8"/><line number="1040" hits="4"/><line number="1042" hits="4"/><line number="1043" hits="4"/><line number="1044" hits="4"/><line number="1051" hits="4"/><line number="1052" hits="8"/><line number="1053" hits="4"/><line number="1055" hits="4"/><line number="1056" hits="8"/><line number="1057" hits="4"/><line number="1058" hits="4"/><line number="1066" hits="4"/><line number="1067" hits="8"/><line number="1068" hits="4"/><line number="1075" hits="4"/><line number="1076" hits="8"/><line number="1077" hits="4"/><line number="1083" hits="4"/><line number="1084" hits="8"/><line number="1085" hits="4"/><line number="1087" hits="4"/><line number="1088" hits="4"/><line number="1089" hits="4"/><line number="1096" hits="4"/><line number="1097" hits="8"/><line number="1098" hits="4"/><line number="1100" hits="4"/><line number="1101" hits="4"/><line number="1102" hits="4"/><line number="1110" hits="4"/><line number="1111" hits="8"/><line number="1112" hits="4"/><line number="1118" hits="4"/><line number="1119" hits="8"/><line number="1120" hits="4"/><line number="1122" hits="4"/><line number="1123" hits="8"/><line number="1124" hits="4"/><line number="1125" hits="4"/><line number="1132" hits="4"/><line number="1133" hits="8"/><line number="1134" hits="4"/><line number="1136" hits="4"/><line number="1137" hits="8"/><line number="1138" hits="4"/><line number="1139" hits="4"/><line number="1146" hits="4"/><line number="1147" hits="8"/><line number="1148" hits="4"/><line number="1150" hits="4"/><line number="1151" hits="8"/><line number="1152" hits="4"/><line number="1153" hits="4"/><line number="1161" hits="4"/><line number="1162" hits="8"/><line number="1163" hits="4"/><line number="1165" hits="4"/><line number="1166" hits="8"/><line number="1167" hits="4"/><line number="1168" hits="4"/><line number="1177" hits="4"/><line number="1178" hits="8"/><line number="1179" hits="4"/><line number="1185" hits="4"/><line number="1186" hits="8"/><line number="1187" hits="4"/><line number="1189" hits="4"/><line number="1190" hits="4"/><line number="1191" hits="4"/><line number="1198" hits="4"/><line number="1199" hits="8"/><line number="1200" hits="4"/><line number="1206" hits="4"/><line number="1207" hits="8"/><line number="1208" hits="4"/><line number="1210" hits="4"/><line number="1211" hits="4"/><line number="1212" hits="4"/><line number="1219" hits="4"/><line number="1220" hits="8"/><line number="1221" hits="4"/><line number="1223" hits="4"/><line number="1224" hits="4"/><line number="1225" hits="4"/><line number="1226" hits="4"/><line number="1233" hits="4"/><line number="1234" hits="8"/><line number="1235" hits="4"/><line number="1237" hits="4"/><line number="1238" hits="4"/><line number="1239" hits="4"/><line number="1246" hits="4"/><line number="1247" hits="8"/><line number="1248" hits="4"/><line number="1250" hits="4"/><line number="1251" hits="4"/><line number="1252" hits="4"/><line number="1259" hits="4"/><line number="1260" hits="8"/><line number="1261" hits="4"/><line number="1263" hits="4"/><line number="1264" hits="8"/><line number="1265" hits="4"/><line number="1266" hits="4"/><line number="1274" hits="4"/><line number="1275" hits="8"/><line number="1276" hits="4"/><line number="1278" hits="4"/><line number="1279" hits="8"/><line number="1280" hits="4"/><line number="1281" hits="4"/><line number="1289" hits="4"/><line number="1290" hits="8"/><line number="1291" hits="4"/><line number="1293" hits="8"/><line number="1294" hits="4"/><line number="1295" hits="4"/><line number="1303" hits="4"/><line number="1304" hits="8"/><line number="1305" hits="4"/><line number="1307" hits="4"/><line number="1308" hits="8"/><line number="1309" hits="4"/><line number="1310" hits="4"/><line number="1319" hits="4"/><line number="1320" hits="4"/><line number="1321" hits="12"/><line number="1322" hits="16"/><line number="1326" hits="4"/><line number="1327" hits="4"/><line 
[...]
 number="228" hits="238"/><line number="247" hits="362"/><line number="249" hits="362"/><line number="259" hits="2"/><line number="260" hits="2"/><line number="264" hits="18"/><line number="265" hits="18"/><line number="266" hits="4"/><line number="270" hits="28"/><line number="274" hits="14"/><line number="276" hits="14"/><line number="277" hits="0"/><line number="280" hits="14"/><line number="281" hits="0"/><line number="284" hits="28"/><line number="289" hits="112"/><line number="290" hits="112"/><line number="291" hits="22"/><line number="294" hits="180"/><line number="297" hits="360"/><line number="298" hits="90"/><line number="300" hits="170"/><line number="301" hits="102"/><line number="303" hits="136"/><line number="306" hits="168"/><line number="311" hits="50"/><line number="312" hits="250"/><line number="313" hits="0"/><line number="314" hits="200"/><line number="331" hits="594"/><line number="332" hits="2956"/><line number="333" hits="4"/><line number="334" hits="2312"/><line number="373" hits="244"/><line number="374" hits="244"/><line number="378" hits="910"/><line number="379" hits="910"/><line number="383" hits="166"/><line number="384" hits="166"/><line number="387" hits="2"/><line number="389" hits="2"/><line number="390" hits="0"/><line number="393" hits="4"/><line number="394" hits="4"/><line number="396" hits="2"/><line number="401" hits="58"/><line number="402" hits="58"/><line number="406" hits="640"/><line number="408" hits="1920"/><line number="410" hits="1280"/><line number="411" hits="542"/><line number="412" hits="542"/><line number="415" hits="98"/><line number="416" hits="0"/><line number="417" hits="6"/><line number="418" hits="2"/><line number="420" hits="296"/><line number="421" hits="88"/><line number="426" hits="10"/><line number="427" hits="10"/><line number="428" hits="0"/><line number="431" hits="10"/><line number="432" hits="0"/><line number="433" hits="20"/><line number="438" hits="6"/><line number="439" hits="6"/><line number="443" hits="98"/><line number="445" hits="0"/><line number="447" hits="196"/><line number="451" hits="2"/><line number="452" hits="2"/><line number="456" hits="8"/><line number="457" hits="8"/><line number="461" hits="4"/><line number="462" hits="8"/><line number="468" hits="4"/><line number="470" hits="8"/><line number="474" hits="0"/><line number="476" hits="0"/><line number="477" hits="0"/><line number="482" hits="14"/><line number="483" hits="14"/><line number="487" hits="2"/><line number="488" hits="2"/><line number="492" hits="62"/><line number="493" hits="248"/><line number="499" hits="0"/><line number="501" hits="0"/><line number="504" hits="20"/><line number="505" hits="40"/><line number="506" hits="40"/><line number="507" hits="60"/><line number="508" hits="40"/><line number="509" hits="40"/><line number="510" hits="24"/><line number="511" hits="8"/><line number="512" hits="16"/><line number="514" hits="8"/><line number="515" hits="6"/><line number="516" hits="0"/><line number="518" hits="12"/><line number="519" hits="30"/><line number="521" hits="2"/><line number="522" hits="2"/><line number="524" hits="0"/><line number="527" hits="24"/><line number="528" hits="24"/><line number="529" hits="2"/><line number="533" hits="20"/><line number="537" hits="2"/><line number="538" hits="2"/><line number="547" hits="30"/><line number="548" hits="30"/><line number="549" hits="0"/><line number="550" hits="0"/><line number="551" hits="0"/><line number="555" hits="90"/><line number="556" hits="40"/><line number="557" hits="10"/><line number="561" hits="90"/><line number="562" hits="120"/><line number="563" hits="30"/><line number="564" hits="30"/><line number="566" hits="30"/><line number="588" hits="376"/><line number="591" hits="376"/><line number="596" hits="1600"/><line number="599" hits="1600"/><line number="606" hits="58"/><line number="607" hits="174"/><line number="608" hits="174"/><line number="609" hits="174"/><line number="610" hits="174"/><line number="612" hits="0"/><line number="614" hits="58"/><line number="615" hits="58"/><line number="617" hits="14"/><line number="621" hits="44"/><line number="622" hits="0"/><line number="625" hits="176"/><line number="626" hits="132"/><line number="627" hits="132"/><line number="629" hits="88"/><line number="630" hits="44"/><line number="633" hits="0"/><line number="634" hits="0"/><line number="635" hits="0"/><line number="636" hits="0"/><line number="642" hits="0"/><line number="647" hits="0"/><line number="648" hits="0"/><line number="649" hits="0"/><line number="650" hits="0"/><line number="652" hits="0"/><line number="654" hits="0"/><line number="655" hits="0"/><line number="657" hits="0"/><line number="661" hits="0"/><line number="662" hits="0"/><line number="665" hits="0"/><line number="666" hits="0"/><line number="667" hits="0"/><line number="669" hits="0"/><line number="670" hits="0"/><line number="673" hits="0"/><line number="674" hits="0"/><line number="675" hits="0"/><line number="676" hits="0"/><line number="681" hits="74"/><line number="683" hits="276"/><line number="684" hits="20"/><line number="687" hits="0"/><line number="688" hits="162"/><line number="689" hits="150"/><line number="690" hits="42"/><line number="692" hits="108"/><line number="693" hits="54"/><line number="695" hits="54"/><line number="696" hits="0"/><line number="699" hits="162"/><line number="701" hits="216"/><line number="704" hits="0"/><line number="705" hits="0"/><line number="706" hits="0"/><line number="707" hits="0"/><line number="710" hits="162"/><line number="711" hits="54"/><line number="716" hits="22"/><line number="718" hits="70"/><line number="719" hits="18"/><line number="722" hits="12"/><line number="723" hits="10"/><line number="724" hits="2"/><line number="726" hits="12"/><line number="728" hits="12"/><line number="730" hits="16"/><line number="733" hits="0"/><line number="734" hits="0"/><line number="735" hits="0"/><line number="736" hits="0"/><line number="739" hits="12"/><line number="740" hits="4"/><line number="743" hits="594"/><line number="744" hits="594"/><line number="745" hits="2"/><line number="748" hits="592"/><line number="749" hits="2"/><line number="751" hits="1770"/><line number="753" hits="1180"/><line number="754" hits="590"/><line number="755" hits="1156"/><line number="756" hits="578"/><line number="761" hits="2890"/><line number="762" hits="1734"/><line number="763" hits="578"/><line number="767" hits="12"/><line number="768" hits="0"/><line number="769" hits="0"/><line number="770" hits="0"/><line number="772" hits="24"/><line number="773" hits="0"/><line number="774" hits="24"/><line number="776" hits="0"/><line number="777" hits="0"/><line number="778" hits="0"/><line number="850" hits="50"/><line number="851" hits="50"/><line number="852" hits="0"/><line number="855" hits="50"/><line number="856" hits="0"/><line number="859" hits="150"/><line number="860" hits="100"/><line number="861" hits="150"/><line number="862" hits="100"/><line number="863" hits="100"/><line number="865" hits="50"/><line number="867" hits="100"/><line number="868" hits="50"/><line number="869" hits="250"/><line number="870" hits="100"/><line number="872" hits="0"/><line number="873" hits="0"/><line number="874" hits="0"/><line number="875" hits="0"/><line number="877" hits="50"/><line number="881" hits="0"/><line number="882" hits="0"/><line number="883" hits="0"/><line number="884" hits="0"/><line number="886" hits="0"/><line number="887" hits="0"/><line number="888" hits="0"/><line number="889" hits="0"/><line number="890" hits="0"/><line number="892" hits="0"/><line number="895" hits="0"/><line number="896" hits="0"/><line number="897" hits="0"/><line number="898" hits="0"/><line number="899" hits="0"/><line number="901" hits="0"/><line number="966" hits="90"/><line number="967" hits="90"/><line number="968" hits="0"/><line number="971" hits="180"/><line number="972" hits="90"/><line number="973" hits="0"/><line number="976" hits="270"/><line number="977" hits="180"/><line number="978" hits="270"/><line number="979" hits="180"/><line number="980" hits="180"/><line number="982" hits="90"/><line number="983" hits="180"/><line number="984" hits="90"/><line number="985" hits="450"/><line number="986" hits="180"/><line number="989" hits="0"/><line number="990" hits="0"/><line number="991" hits="0"/><line number="992" hits="0"/><line number="995" hits="270"/><line number="996" hits="90"/><line number="1000" hits="0"/><line number="1001" hits="0"/><line number="1002" hits="0"/><line number="1003" hits="0"/><line number="1005" hits="0"/><line number="1006" hits="0"/><line number="1007" hits="0"/><line number="1008" hits="0"/><line number="1010" hits="0"/><line number="1012" hits="0"/><line number="1013" hits="0"/><line number="1014" hits="0"/><line number="1015" hits="0"/><line number="1017" hits="0"/><line number="1086" hits="0"/><line number="1087" hits="0"/><line number="1088" hits="0"/><line number="1091" hits="0"/><line number="1092" hits="0"/><line number="1093" hits="0"/><line number="1094" hits="0"/><line number="1095" hits="0"/><line number="1096" hits="0"/><line number="1100" hits="0"/><line number="1101" hits="0"/><line number="1103" hits="0"/><line number="1105" hits="0"/><line number="1108" hits="0"/><line number="1110" hits="0"/><line number="1113" hits="0"/><line number="1114" hits="0"/><line number="1115" hits="0"/><line number="1116" hits="0"/><line number="1119" hits="0"/><line number="1120" hits="0"/><line number="1122" hits="0"/><line number="1123" hits="0"/><line number="1129" hits="0"/><line number="1132" hits="0"/><line number="1133" hits="0"/><line number="1134" hits="0"/><line number="1136" hits="0"/><line number="1138" hits="0"/><line number="1143" hits="12"/><line number="1144" hits="12"/><line number="1145" hits="0"/><line number="1148" hits="36"/><line number="1150" hits="24"/><line number="1151" hits="36"/><line number="1154" hits="12"/><line number="1155" hits="12"/><line number="1157" hits="12"/><line number="1158" hits="24"/><line number="1159" hits="12"/><line number="1163" hits="0"/><line number="1164" hits="0"/><line number="1165" hits="0"/><line number="1166" hits="0"/><line number="1169" hits="0"/><line number="1170" hits="0"/><line number="1171" hits="0"/><line number="1172" hits="0"/><line number="1176" hits="0"/><line number="1179" hits="0"/><line number="1181" hits="0"/><line number="1184" hits="0"/><line number="1185" hits="0"/><line number="1186" hits="0"/><line number="1187" hits="0"/><line number="1190" hits="0"/><line number="1191" hits="0"/><line number="1193" hits="0"/><line number="1194" hits="0"/><line number="1200" hits="0"/><line number="1203" hits="0"/><line number="1204" hits="0"/><line number="1205" hits="0"/><line number="1207" hits="0"/><line number="1209" hits="0"/><line number="1213" hits="10"/><line number="1214" hits="30"/><line number="1215" hits="20"/><line number="1217" hits="0"/><line number="1218" hits="120"/><line number="1219" hits="180"/><line number="1222" hits="60"/><line number="1223" hits="60"/><line number="1225" hits="10"/><line number="1228" hits="200"/><line number="1229" hits="150"/><line number="1230" hits="100"/><line number="1231" hits="50"/><line number="1234" hits="250"/><line number="1236" hits="200"/><line number="1241" hits="0"/><line number="1242" hits="100"/><line number="1244" hits="50"/><line number="1250" hits="0"/><line number="1251" hits="0"/><line number="1252" hits="0"/><line number="1255" hits="0"/><line number="1256" hits="0"/><line number="1257" hits="0"/><line number="1258" hits="0"/><line number="1259" hits="0"/><line number="1262" hits="0"/><line number="1263" hits="0"/><line number="1264" hits="0"/><line number="1267" hits="0"/><line number="1271" hits="96"/><line number="1272" hits="190"/><line number="1273" hits="2"/><line number="1276" hits="188"/><line number="1277" hits="188"/><line number="1278" hits="188"/><line number="1279" hits="94"/><line number="1280" hits="0"/><line number="1281" hits="0"/><line number="1284" hits="188"/><line number="1285" hits="188"/><line number="1286" hits="108"/><line number="1287" hits="36"/><line number="1290" hits="58"/><line number="1291" hits="116"/><line number="1292" hits="116"/><line number="1293" hits="58"/><line number="1294" hits="58"/><line number="1299" hits="94"/><line number="1302" hits="376"/><line number="1303" hits="94"/><line number="1308" hits="0"/><line number="1309" hits="0"/><line number="1310" hits="0"/><line number="1311" hits="0"/><line number="1335" hits="0"/><line number="1336" hits="0"/><line number="1337" hits="0"/><line number="1340" hits="0"/><line number="1341" hits="0"/><line number="1343" hits="0"/><line number="1344" hits="0"/><line number="1345" hits="0"/><line number="1348" hits="0"/><line number="1349" hits="0"/><line number="1352" hits="0"/><line number="1354" hits="0"/><line number="1355" hits="0"/><line number="1357" hits="0"/><line number="1363" hits="310"/><line number="1367" hits="930"/><line number="1368" hits="620"/><line number="1370" hits="620"/><line number="1371" hits="72"/><line number="1395" hits="714"/><line number="1399" hits="476"/></lines></class></classes></package><package name="rarena-allocator/src/unsync" line-rate="0" branch-rate="0" complexity="0"><classes></classes></package><package name="rarena-allocator/src/sync/tests" line-rate="0" branch-rate="0" complexity="0"><classes></classes></package><package name="rarena-allocator/benches" line-rate="0" branch-rate="0" complexity="0"><classes></classes></package><package name="rarena-allocator/src/sync" line-rate="0.9861111111111112" branch-rate="0" complexity="0"><classes><class name="tests" filename="rarena-allocator/src/sync/tests.rs" line-rate="0.9861111111111112" branch-rate="0" complexity="0"><methods/><lines><line number="113" hits="20"/><line number="116" hits="60"/><line number="117" hits="60"/><line number="118" hits="40"/><line number="121" hits="120"/><line number="122" hits="300"/><line number="123" hits="300"/><line number="124" hits="300"/><line number="125" hits="400"/><line number="126" hits="100"/><line number="127" hits="500"/><line number="128" hits="200"/><line number="132" hits="220"/><line number="133" hits="200"/><line number="136" hits="60"/><line number="137" hits="100"/><line number="139" hits="20"/><line number="141" hits="40"/><line number="144" hits="140"/><line number="145" hits="500"/><line number="147" hits="100"/><line number="151" hits="20"/><line number="152" hits="0"/><line number="157" hits="20"/><line number="160" hits="60"/><line number="161" hits="40"/><line number="164" hits="120"/><line number="165" hits="500"/><line number="166" hits="200"/><line number="169" hits="60"/><line number="170" hits="100"/><line number="172" hits="20"/><line number="174" hits="40"/><line number="177" hits="40"/><line number="178" hits="300"/><line number="179" hits="300"/><line number="180" hits="200"/><line number="181" hits="100"/><line number="182" hits="500"/><line number="183" hits="100"/><line number="184" hits="100"/><line number="186" hits="100"/><line number="190" hits="1806"/><line number="191" hits="893"/><line number="196" hits="20"/><line number="199" hits="60"/><line number="200" hits="60"/><line number="201" hits="40"/><line number="204" hits="20"/><line number="205" hits="300"/><line number="206" hits="300"/><line number="207" hits="300"/><line number="208" hits="400"/><line number="209" hits="100"/><line number="210" hits="400"/><line number="211" hits="200"/><line number="215" hits="220"/><line number="216" hits="200"/><line number="219" hits="60"/><line number="220" hits="100"/><line number="222" hits="20"/><line number="224" hits="40"/><line number="227" hits="40"/><line number="228" hits="300"/><line number="229" hits="300"/><line number="230" hits="200"/><line number="231" hits="100"/><line number="232" hits="500"/><line number="233" hits="100"/><line number="234" hits="100"/><line number="239" hits="126402"/><line number="240" hits="63191"/></lines></class></classes></package><package name="rarena-allocator/src/options" line-rate="0.5982905982905983" branch-rate="0" complexity="0"><classes><class name="open_options" filename="rarena-allocator/src/options/open_options.rs" line-rate="0.5982905982905983" branch-rate="0" complexity="0"><methods/><lines><line number="30" hits="0"/><line number="31" hits="0"/><line number="32" hits="0"/><line number="50" hits="174"/><line number="51" hits="174"/><line number="52" hits="174"/><line number="73" hits="142"/><line number="74" hits="142"/><line number="75" hits="142"/><line number="120" hits="28"/><line number="121" hits="28"/><line number="122" hits="28"/><line number="123" hits="28"/><line number="143" hits="28"/><line number="144" hits="28"/><line number="145" hits="28"/><line number="146" hits="28"/><line number="168" hits="44"/><line number="169" hits="44"/><line number="170" hits="44"/><line number="200" hits="122"/><line number="201" hits="122"/><line number="202" hits="122"/><line number="221" hits="0"/><line number="222" hits="0"/><line number="223" hits="0"/><line number="242" hits="0"/><line number="243" hits="0"/><line number="244" hits="0"/><line number="267" hits="0"/><line number="268" hits="0"/><line number="269" hits="0"/><line number="290" hits="0"/><line number="291" hits="0"/><line number="292" hits="0"/><line number="315" hits="258"/><line number="316" hits="258"/><line number="332" hits="0"/><line number="333" hits="0"/><line number="349" hits="0"/><line number="350" hits="0"/><line number="366" hits="0"/><line number="367" hits="0"/><line number="383" hits="0"/><line number="384" hits="0"/><line number="400" hits="0"/><line number="401" hits="0"/><line number="417" hits="0"/><line number="418" hits="0"/><line number="434" hits="28"/><line number="435" hits="28"/><line number="451" hits="0"/><line number="452" hits="0"/><line number="468" hits="0"/><line number="469" hits="0"/><line number="485" hits="28"/><line number="486" hits="28"/><line number="502" hits="128"/><line number="503" hits="128"/><line number="537" hits="24"/><line number="538" hits="24"/><line number="571" hits="0"/><line number="578" hits="0"/><line number="608" hits="4"/><line number="612" hits="4"/><line number="642" hits="0"/><line number="649" hits="0"/><line number="683" hits="4"/><line number="687" hits="4"/><line number="724" hits="0"/><line number="731" hits="0"/><line number="766" hits="114"/><line number="770" hits="114"/><line number="805" hits="0"/><line number="812" hits="0"/><line number="818" hits="146"/><line number="819" hits="146"/><line number="820" hits="470"/><line number="821" hits="188"/><line number="822" hits="470"/><line number="824" hits="0"/><line number="829" hits="52"/><line number="830" hits="32"/><line number="831" hits="40"/><line number="833" hits="40"/><line number="834" hits="16"/><line number="835" hits="40"/><line number="837" hits="0"/><line number="843" hits="180"/><line number="848" hits="146"/><line number="849" hits="292"/><line number="851" hits="292"/><line number="852" hits="146"/><line number="855" hits="288"/><line number="856" hits="142"/><line number="859" hits="146"/><line number="860" hits="0"/><line number="863" hits="146"/><line number="864" hits="0"/><line number="867" hits="162"/><line number="868" hits="16"/><line number="871" hits="240"/><line number="872" hits="94"/><line number="875" hits="146"/><line number="880" hits="264"/><line number="881" hits="528"/><line number="883" hits="264"/><line number="884" hits="0"/><line number="887" hits="264"/><line number="888" hits="0"/><line number="891" hits="264"/><line number="892" hits="0"/><line number="895" hits="264"/><line number="896" hits="0"/><line number="899" hits="792"/><line number="900" hits="528"/><line number="903" hits="264"/></lines></class></classes></package><package name="rarena/src" line-rate="0" branch-rate="0" complexity="0"><classes></classes></package></packages></coverage>