<?xml version="1.0"?><coverage lines-covered="4852" lines-valid="5254" line-rate="0.923486867148839" branches-covered="0" branches-valid="0" branch-rate="0" complexity="0" version="1.9" timestamp="1773391590"><sources><source>/Users/user/Develop/personal/rarena</source></sources><packages><package name="rarena-allocator/src/sync/tests" line-rate="0" branch-rate="0" complexity="0"><classes></classes></package><package name="rarena-allocator/src/sync" line-rate="0.9861111111111112" branch-rate="0" complexity="0"><classes><class name="tests" filename="rarena-allocator/src/sync/tests.rs" line-rate="0.9861111111111112" branch-rate="0" complexity="0"><methods/><lines><line number="113" hits="20"/><line number="116" hits="60"/><line number="117" hits="60"/><line number="118" hits="40"/><line number="121" hits="120"/><line number="122" hits="300"/><line number="123" hits="300"/><line number="124" hits="300"/><line number="125" hits="400"/><line number="126" hits="100"/><line number="127" hits="500"/><line number="128" hits="200"/><line number="132" hits="220"/><line number="133" hits="200"/><line number="136" hits="60"/><line number="137" hits="100"/><line number="139" hits="20"/><line number="141" hits="40"/><line number="144" hits="140"/><line number="145" hits="500"/><line number="147" hits="100"/><line number="151" hits="20"/><line number="152" hits="0"/><line number="157" hits="20"/><line number="160" hits="60"/><line number="161" hits="40"/><line number="164" hits="120"/><line number="165" hits="500"/><line number="166" hits="200"/><line number="169" hits="60"/><line number="170" hits="100"/><line number="172" hits="20"/><line number="174" hits="40"/><line number="177" hits="40"/><line number="178" hits="300"/><line number="179" hits="300"/><line number="180" hits="200"/><line number="181" hits="100"/><line number="182" hits="500"/><line number="183" hits="100"/><line number="184" hits="100"/><line number="186" hits="100"/><line number="190" hits="856"/><line number="191" hits="418"/><line number="196" hits="20"/><line number="199" hits="60"/><line number="200" hits="60"/><line number="201" hits="40"/><line number="204" hits="20"/><line number="205" hits="300"/><line number="206" hits="300"/><line number="207" hits="300"/><line number="208" hits="400"/><line number="209" hits="100"/><line number="210" hits="400"/><line number="211" hits="200"/><line number="215" hits="220"/><line number="216" hits="200"/><line number="219" hits="60"/><line number="220" hits="100"/><line number="222" hits="20"/><line number="224" hits="40"/><line number="227" hits="40"/><line number="228" hits="300"/><line number="229" hits="300"/><line number="230" hits="200"/><line number="231" hits="100"/><line number="232" hits="500"/><line number="233" hits="100"/><line number="234" hits="100"/><line number="239" hits="73946"/><line number="240" hits="36963"/></lines></class></classes></package><package name="rarena-allocator/src/unsync" line-rate="0" branch-rate="0" complexity="0"><classes></classes></package><package name="rarena-allocator/src/options" line-rate="0.9316239316239316" branch-rate="0" complexity="0"><classes><class name="open_options" filename="rarena-allocator/src/options/open_options.rs" line-rate="0.9316239316239316" branch-rate="0" complexity="0"><methods/><lines><line number="30" hits="16"/><line number="31" hits="16"/><line number="32" hits="16"/><line number="50" hits="294"/><line number="51" hits="294"/><line number="52" hits="294"/><line number="73" hits="238"/><line number="74" hits="238"/><line number="75" hits="238"/><line number="120" hits="56"/><line number="121" hits="56"/><line number="122" hits="56"/><line number="123" hits="56"/><line number="143" hits="56"/><line number="144" hits="56"/><line number="145" hits="56"/><line number="146" hits="56"/><line number="168" hits="72"/><line number="169" hits="72"/><line number="170" hits="72"/><line number="200" hits="214"/><line number="201" hits="214"/><line number="202" hits="214"/><line number="221" hits="4"/><line number="222" hits="4"/><line number="223" hits="4"/><line number="242" hits="4"/><line number="243" hits="4"/><line number="244" hits="4"/><line number="267" hits="4"/><line number="268" hits="4"/><line number="269" hits="4"/><line number="290" hits="4"/><line number="291" hits="4"/><line number="292" hits="4"/><line number="315" hits="366"/><line number="316" hits="366"/><line number="332" hits="4"/><line number="333" hits="4"/><line number="349" hits="4"/><line number="350" hits="4"/><line number="366" hits="4"/><line number="367" hits="4"/><line number="383" hits="4"/><line number="384" hits="4"/><line number="400" hits="4"/><line number="401" hits="4"/><line number="417" hits="4"/><line number="418" hits="4"/><line number="434" hits="56"/><line number="435" hits="56"/><line number="451" hits="4"/><line number="452" hits="4"/><line number="468" hits="4"/><line number="469" hits="4"/><line number="485" hits="56"/><line number="486" hits="56"/><line number="502" hits="144"/><line number="503" hits="144"/><line number="537" hits="40"/><line number="538" hits="40"/><line number="571" hits="4"/><line number="578" hits="4"/><line number="608" hits="4"/><line number="612" hits="4"/><line number="642" hits="4"/><line number="649" hits="4"/><line number="683" hits="4"/><line number="687" hits="4"/><line number="724" hits="4"/><line number="731" hits="4"/><line number="766" hits="170"/><line number="770" hits="170"/><line number="805" hits="8"/><line number="812" hits="8"/><line number="818" hits="234"/><line number="819" hits="234"/><line number="820" hits="770"/><line number="821" hits="308"/><line number="822" hits="770"/><line number="824" hits="0"/><line number="829" hits="80"/><line number="830" hits="32"/><line number="831" hits="40"/><line number="833" hits="40"/><line number="834" hits="16"/><line number="835" hits="40"/><line number="837" hits="0"/><line number="843" hits="320"/><line number="848" hits="234"/><line number="849" hits="468"/><line number="851" hits="468"/><line number="852" hits="234"/><line number="855" hits="464"/><line number="856" hits="230"/><line number="859" hits="234"/><line number="860" hits="0"/><line number="863" hits="234"/><line number="864" hits="0"/><line number="867" hits="250"/><line number="868" hits="16"/><line number="871" hits="388"/><line number="872" hits="154"/><line number="875" hits="234"/><line number="880" hits="348"/><line number="881" hits="696"/><line number="883" hits="348"/><line number="884" hits="0"/><line number="887" hits="348"/><line number="888" hits="0"/><line number="891" hits="348"/><line number="892" hits="0"/><line number="895" hits="348"/><line number="896" hits="0"/><line number="899" hits="1036"/><line number="900" hits="688"/><line number="903" hits="348"/></lines></class></classes></package><package name="rarena-allocator/benches" line-rate="0" branch-rate="0" complexity="0"><classes></classes></package><package name="rarena/src" line-rate="0" branch-rate="0" complexity="0"><classes></classes></package><package name="rarena-allocator/src" line-rate="0.923486867148839" branch-rate="0" complexity="0"><classes><class name="allocator" filename="rarena-allocator/src/allocator.rs" line-rate="0.9637681159420289" branch-rate="0" complexity="0"><methods/><lines><line number="37" hits="0"/><line number="38" hits="60"/><line number="39" hits="72"/><line number="42" hits="0"/><line number="46" hits="0"/><line number="47" hits="0"/><line number="81" hits="24"/><line number="82" hits="28"/><line number="254" hits="4"/><line number="255" hits="4"/><line number="256" hits="8"/><line number="257" hits="12"/><line number="310" hits="340"/><line number="311" hits="2040"/><line number="362" hits="44"/><line number="363" hits="220"/><line number="408" hits="20"/><line number="409" hits="60"/><line number="410" hits="60"/><line number="430" hits="78"/><line number="431" hits="78"/><line number="480" hits="84"/><line number="481" hits="168"/><line number="495" hits="28"/><line number="497" hits="84"/><line number="498" hits="140"/><line number="499" hits="84"/><line number="500" hits="84"/><line number="558" hits="12"/><line number="559" hits="24"/><line number="582" hits="12"/><line number="583" hits="24"/><line number="605" hits="44"/><line number="606" hits="176"/><line number="629" hits="28"/><line number="630" hits="112"/><line number="652" hits="4"/><line number="653" hits="8"/><line number="676" hits="4"/><line number="677" hits="8"/><line number="699" hits="52"/><line number="700" hits="208"/><line number="723" hits="52"/><line number="724" hits="208"/><line number="732" hits="232"/><line number="734" hits="232"/><line number="735" hits="8"/><line number="738" hits="912"/><line number="751" hits="552"/><line number="753" hits="1104"/><line number="755" hits="552"/><line number="756" hits="8"/><line number="759" hits="2192"/><line number="769" hits="12"/><line number="771" hits="12"/><line number="772" hits="4"/><line number="775" hits="16"/><line number="776" hits="40"/><line number="789" hits="484"/><line number="791" hits="968"/><line number="793" hits="484"/><line number="794" hits="0"/><line number="797" hits="968"/><line number="798" hits="2904"/><line number="799" hits="968"/><line number="810" hits="200"/><line number="812" hits="200"/><line number="813" hits="12"/><line number="816" hits="752"/><line number="817" hits="376"/><line number="822" hits="8"/><line number="823" hits="24"/><line number="824" hits="8"/><line number="825" hits="4"/><line number="828" hits="12"/><line number="832" hits="8"/><line number="833" hits="24"/><line number="834" hits="8"/><line number="835" hits="4"/><line number="838" hits="12"/><line number="845" hits="4"/><line number="846" hits="12"/><line number="853" hits="4"/><line number="854" hits="12"/><line number="899" hits="354"/><line number="901" hits="354"/><line number="902" hits="4"/><line number="905" hits="1400"/><line number="906" hits="700"/><line number="936" hits="36"/><line number="937" hits="72"/><line number="952" hits="52"/><line number="953" hits="104"/><line number="968" hits="8"/><line number="969" hits="8"/><line number="985" hits="8"/><line number="986" hits="24"/><line number="1002" hits="8"/><line number="1003" hits="32"/><line number="1025" hits="8"/><line number="1026" hits="16"/><line number="1048" hits="12"/><line number="1049" hits="24"/><line number="1076" hits="8"/><line number="1077" hits="32"/><line number="1081" hits="8"/><line number="1082" hits="24"/><line number="1083" hits="24"/><line number="1084" hits="16"/><line number="1086" hits="24"/><line number="1088" hits="24"/><line number="1089" hits="16"/><line number="1090" hits="16"/><line number="1092" hits="24"/><line number="1095" hits="40"/><line number="1096" hits="48"/><line number="1097" hits="48"/><line number="1100" hits="64"/><line number="1104" hits="16"/><line number="1105" hits="24"/><line number="1106" hits="32"/><line number="1110" hits="16"/><line number="1151" hits="4"/><line number="1152" hits="8"/><line number="1205" hits="8"/><line number="1206" hits="32"/><line number="1243" hits="8"/><line number="1244" hits="32"/><line number="1279" hits="552"/><line number="1280" hits="1104"/><line number="1324" hits="4"/><line number="1325" hits="12"/><line number="1357" hits="8"/><line number="1358" hits="16"/><line number="1380" hits="12"/><line number="1381" hits="24"/><line number="1406" hits="40"/><line number="1407" hits="80"/></lines></class><class name="bytes" filename="rarena-allocator/src/bytes.rs" line-rate="0.9104477611940298" branch-rate="0" complexity="0"><methods/><lines><line number="17" hits="4"/><line number="18" hits="16"/><line number="19" hits="12"/><line number="20" hits="8"/><line number="32" hits="36"/><line number="33" hits="36"/><line number="35" hits="180"/><line number="36" hits="0"/><line number="43" hits="32"/><line number="44" hits="96"/><line number="45" hits="32"/><line number="47" hits="128"/><line number="48" hits="0"/><line number="55" hits="4"/><line number="56" hits="4"/><line number="62" hits="4"/><line number="63" hits="4"/><line number="71" hits="84"/><line number="72" hits="84"/><line number="76" hits="132"/><line number="77" hits="132"/><line number="81" hits="8"/><line number="82" hits="8"/><line number="86" hits="8"/><line number="87" hits="8"/><line number="91" hits="8"/><line number="92" hits="8"/><line number="96" hits="16"/><line number="97" hits="16"/><line number="98" hits="48"/><line number="99" hits="16"/><line number="100" hits="16"/><line number="102" hits="0"/><line number="107" hits="8"/><line number="108" hits="8"/><line number="109" hits="24"/><line number="110" hits="8"/><line number="111" hits="8"/><line number="113" hits="0"/><line number="132" hits="24"/><line number="133" hits="72"/><line number="135" hits="24"/><line number="136" hits="96"/><line number="137" hits="0"/><line number="143" hits="8"/><line number="145" hits="8"/><line number="146" hits="40"/><line number="147" hits="0"/><line number="152" hits="4"/><line number="154" hits="8"/><line number="156" hits="4"/><line number="162" hits="8"/><line number="163" hits="8"/><line number="165" hits="48"/><line number="166" hits="0"/><line number="171" hits="20"/><line number="172" hits="60"/><line number="173" hits="60"/><line number="174" hits="20"/><line number="176" hits="80"/><line number="177" hits="0"/><line number="184" hits="344"/><line number="185" hits="340"/><line number="186" hits="16"/><line number="189" hits="996"/><line number="191" hits="4"/><line number="205" hits="8"/><line number="206" hits="32"/><line number="207" hits="24"/><line number="208" hits="16"/><line number="217" hits="44"/><line number="218" hits="44"/><line number="219" hits="0"/><line number="223" hits="176"/><line number="229" hits="54"/><line number="230" hits="54"/><line number="231" hits="0"/><line number="235" hits="216"/><line number="241" hits="4"/><line number="242" hits="4"/><line number="248" hits="4"/><line number="249" hits="4"/><line number="257" hits="764"/><line number="258" hits="764"/><line number="262" hits="666"/><line number="263" hits="666"/><line number="267" hits="692"/><line number="268" hits="692"/><line number="272" hits="692"/><line number="273" hits="692"/><line number="277" hits="1236"/><line number="278" hits="1236"/><line number="282" hits="12"/><line number="283" hits="24"/><line number="284" hits="12"/><line number="285" hits="12"/><line number="290" hits="4"/><line number="291" hits="8"/><line number="292" hits="4"/><line number="293" hits="4"/><line number="312" hits="170"/><line number="314" hits="680"/><line number="319" hits="8"/><line number="321" hits="32"/><line number="326" hits="80"/><line number="327" hits="80"/><line number="332" hits="8"/><line number="333" hits="8"/><line number="338" hits="12"/><line number="339" hits="12"/><line number="344" hits="3238"/><line number="354" hits="8"/><line number="356" hits="24"/><line number="365" hits="344"/><line number="366" hits="344"/><line number="367" hits="12"/><line number="369" hits="340"/><line number="372" hits="680"/><line number="373" hits="340"/><line number="374" hits="340"/><line number="380" hits="80"/><line number="381" hits="80"/><line number="382" hits="0"/><line number="386" hits="400"/><line number="390" hits="244"/><line number="391" hits="244"/><line number="392" hits="0"/><line number="396" hits="1220"/><line number="402" hits="3246"/><line number="403" hits="3246"/><line number="404" hits="1576"/><line number="409" hits="3340"/><line number="410" hits="3340"/><line number="411" hits="3340"/></lines></class><class name="common" filename="rarena-allocator/src/common.rs" line-rate="0.78125" branch-rate="0" complexity="0"><methods/><lines><line number="24" hits="2340"/><line number="25" hits="2340"/><line number="29" hits="1164"/><line number="30" hits="1164"/><line number="36" hits="2340"/><line number="37" hits="2340"/><line number="41" hits="1866"/><line number="42" hits="3732"/><line number="49" hits="0"/><line number="50" hits="0"/><line number="54" hits="0"/><line number="55" hits="0"/><line number="68" hits="488"/><line number="69" hits="488"/><line number="71" hits="1952"/><line number="79" hits="488"/><line number="80" hits="1952"/><line number="81" hits="488"/><line number="82" hits="976"/><line number="83" hits="0"/><line number="84" hits="0"/><line number="88" hits="1952"/><line number="89" hits="1464"/><line number="90" hits="976"/><line number="91" hits="0"/><line number="93" hits="976"/><line number="104" hits="488"/><line number="105" hits="488"/><line number="109" hits="488"/><line number="110" hits="1464"/><line number="114" hits="476"/><line number="115" hits="952"/></lines></class><class name="error" filename="rarena-allocator/src/error.rs" line-rate="1" branch-rate="0" complexity="0"><methods/><lines><line number="13" hits="12"/><line number="23" hits="8"/><line number="24" hits="8"/><line number="25" hits="8"/><line number="45" hits="8"/><line number="55" hits="8"/><line number="56" hits="8"/><line number="57" hits="8"/><line number="101" hits="4"/><line number="102" hits="4"/><line number="118" hits="48"/><line number="119" hits="48"/><line number="121" hits="16"/><line number="122" hits="16"/><line number="123" hits="16"/><line number="124" hits="16"/><line number="128" hits="32"/><line number="137" hits="36"/><line number="138" hits="12"/><line number="142" hits="16"/></lines></class><class name="lib" filename="rarena-allocator/src/lib.rs" line-rate="0.905" branch-rate="0" complexity="0"><methods/><lines><line number="50" hits="2"/><line number="53" hits="2"/><line number="130" hits="286"/><line number="131" hits="286"/><line number="132" hits="858"/><line number="133" hits="286"/><line number="134" hits="572"/><line number="135" hits="286"/><line number="136" hits="572"/><line number="141" hits="68"/><line number="146" hits="136"/><line number="147" hits="272"/><line number="149" hits="88"/><line number="150" hits="20"/><line number="151" hits="4"/><line number="156" hits="64"/><line number="157" hits="64"/><line number="158" hits="64"/><line number="161" hits="64"/><line number="162" hits="64"/><line number="163" hits="64"/><line number="166" hits="64"/><line number="167" hits="12"/><line number="168" hits="4"/><line number="169" hits="4"/><line number="173" hits="60"/><line number="174" hits="0"/><line number="177" hits="60"/><line number="178" hits="0"/><line number="180" hits="60"/><line number="185" hits="4"/><line number="186" hits="12"/><line number="191" hits="16"/><line number="194" hits="48"/><line number="199" hits="24"/><line number="207" hits="0"/><line number="208" hits="0"/><line number="209" hits="0"/><line number="210" hits="0"/><line number="212" hits="0"/><line number="217" hits="0"/><line number="219" hits="96"/><line number="224" hits="0"/><line number="225" hits="0"/><line number="230" hits="4"/><line number="231" hits="8"/><line number="235" hits="8231"/><line number="236" hits="8231"/><line number="240" hits="4887"/><line number="241" hits="4887"/><line number="282" hits="4692"/><line number="283" hits="9384"/><line number="284" hits="4692"/><line number="294" hits="64"/><line number="295" hits="128"/><line number="306" hits="116"/><line number="309" hits="232"/><line number="310" hits="0"/><line number="314" hits="232"/><line number="315" hits="116"/><line number="328" hits="140"/><line number="331" hits="280"/><line number="332" hits="420"/><line number="333" hits="560"/><line number="334" hits="140"/><line number="347" hits="8"/><line number="348" hits="16"/><line number="361" hits="80"/><line number="362" hits="80"/><line number="363" hits="560"/><line number="365" hits="240"/><line number="366" hits="160"/><line number="367" hits="80"/><line number="378" hits="4"/><line number="379" hits="4"/><line number="380" hits="28"/><line number="382" hits="24"/><line number="394" hits="16"/><line number="395" hits="16"/><line number="396" hits="4"/><line number="399" hits="36"/><line number="401" hits="24"/><line number="402" hits="12"/><line number="405" hits="8"/><line number="407" hits="8"/><line number="408" hits="40"/><line number="417" hits="98"/><line number="418" hits="196"/><line number="419" hits="0"/><line number="422" hits="98"/><line number="423" hits="12"/><line number="426" hits="172"/><line number="427" hits="86"/><line number="428" hits="168"/><line number="429" hits="492"/><line number="431" hits="24"/><line number="450" hits="4"/><line number="451" hits="8"/><line number="453" hits="8"/><line number="454" hits="0"/><line number="458" hits="24"/><line number="459" hits="12"/><line number="460" hits="4"/><line number="461" hits="4"/><line number="476" hits="4"/><line number="477" hits="12"/><line number="479" hits="16"/><line number="480" hits="4"/><line number="481" hits="4"/><line number="487" hits="32"/><line number="488" hits="96"/><line number="490" hits="64"/><line number="491" hits="16"/><line number="495" hits="56"/><line number="496" hits="28"/><line number="509" hits="32"/><line number="510" hits="96"/><line number="511" hits="64"/><line number="512" hits="96"/><line number="513" hits="160"/><line number="514" hits="32"/><line number="544" hits="80"/><line number="547" hits="160"/><line number="548" hits="32"/><line number="552" hits="144"/><line number="553" hits="72"/><line number="566" hits="88"/><line number="567" hits="176"/><line number="568" hits="264"/><line number="569" hits="88"/><line number="570" hits="88"/><line number="575" hits="12"/><line number="576" hits="36"/><line number="589" hits="12"/><line number="590" hits="36"/><line number="600" hits="48"/><line number="603" hits="48"/><line number="604" hits="0"/><line number="608" hits="48"/><line number="621" hits="48"/><line number="624" hits="96"/><line number="625" hits="144"/><line number="626" hits="288"/><line number="627" hits="48"/><line number="628" hits="48"/><line number="645" hits="0"/><line number="646" hits="0"/><line number="647" hits="0"/><line number="658" hits="32"/><line number="659" hits="64"/><line number="660" hits="96"/><line number="661" hits="32"/><line number="671" hits="12"/><line number="672" hits="12"/><line number="673" hits="8"/><line number="677" hits="16"/><line number="690" hits="8"/><line number="691" hits="24"/><line number="692" hits="8"/><line number="697" hits="8"/><line number="698" hits="8"/><line number="699" hits="8"/><line number="703" hits="8"/><line number="716" hits="4"/><line number="717" hits="12"/><line number="718" hits="4"/><line number="740" hits="32"/><line number="741" hits="32"/><line number="742" hits="8"/><line number="746" hits="24"/><line number="759" hits="32"/><line number="760" hits="64"/><line number="761" hits="96"/><line number="762" hits="64"/><line number="763" hits="32"/><line number="764" hits="32"/><line number="769" hits="8"/><line number="770" hits="28"/><line number="783" hits="4"/><line number="784" hits="4"/><line number="793" hits="20"/><line number="794" hits="20"/><line number="795" hits="40"/><line number="796" hits="20"/><line number="797" hits="60"/><line number="801" hits="0"/><line number="802" hits="0"/><line number="855" hits="68"/><line number="866" hits="3726"/><line number="879" hits="3578"/><line number="881" hits="21468"/><line number="882" hits="7156"/><line number="887" hits="480"/><line number="888" hits="1440"/><line number="889" hits="480"/><line number="890" hits="480"/><line number="894" hits="268"/><line number="895" hits="804"/><line number="896" hits="268"/><line number="897" hits="268"/></lines></class><class name="memory" filename="rarena-allocator/src/memory.rs" line-rate="0.8608058608058609" branch-rate="0" complexity="0"><methods/><lines><line number="64" hits="180"/><line number="65" hits="540"/><line number="70" hits="8"/><line number="71" hits="24"/><line number="76" hits="40"/><line number="77" hits="120"/><line number="82" hits="8"/><line number="86" hits="24"/><line number="91" hits="830"/><line number="92" hits="830"/><line number="96" hits="830"/><line number="97" hits="830"/><line number="101" hits="830"/><line number="102" hits="830"/><line number="106" hits="830"/><line number="107" hits="830"/><line number="111" hits="914"/><line number="112" hits="914"/><line number="116" hits="830"/><line number="117" hits="830"/><line number="121" hits="830"/><line number="122" hits="830"/><line number="126" hits="1382"/><line number="127" hits="1382"/><line number="131" hits="834"/><line number="132" hits="1802"/><line number="137" hits="0"/><line number="138" hits="0"/><line number="139" hits="0"/><line number="140" hits="0"/><line number="143" hits="0"/><line number="144" hits="0"/><line number="145" hits="0"/><line number="148" hits="0"/><line number="149" hits="0"/><line number="156" hits="34"/><line number="157" hits="34"/><line number="158" hits="24"/><line number="159" hits="60"/><line number="162" hits="60"/><line number="163" hits="60"/><line number="164" hits="24"/><line number="167" hits="12"/><line number="169" hits="0"/><line number="170" hits="18"/><line number="172" hits="6"/><line number="174" hits="24"/><line number="175" hits="12"/><line number="176" hits="6"/><line number="179" hits="36"/><line number="180" hits="12"/><line number="181" hits="12"/><line number="182" hits="6"/><line number="184" hits="0"/><line number="185" hits="32"/><line number="186" hits="32"/><line number="187" hits="16"/><line number="190" hits="32"/><line number="191" hits="48"/><line number="192" hits="16"/><line number="193" hits="32"/><line number="198" hits="34"/><line number="200" hits="34"/><line number="205" hits="16"/><line number="206" hits="16"/><line number="207" hits="24"/><line number="208" hits="0"/><line number="209" hits="4"/><line number="215" hits="8"/><line number="216" hits="8"/><line number="217" hits="16"/><line number="218" hits="24"/><line number="220" hits="0"/><line number="221" hits="0"/><line number="223" hits="0"/><line number="227" hits="12"/><line number="229" hits="12"/><line number="230" hits="12"/><line number="231" hits="24"/><line number="233" hits="36"/><line number="234" hits="36"/><line number="235" hits="16"/><line number="236" hits="12"/><line number="237" hits="20"/><line number="238" hits="4"/><line number="241" hits="16"/><line number="242" hits="8"/><line number="247" hits="36"/><line number="249" hits="12"/><line number="252" hits="24"/><line number="253" hits="12"/><line number="257" hits="496"/><line number="258" hits="1488"/><line number="259" hits="1984"/><line number="260" hits="1488"/><line number="261" hits="1488"/><line number="262" hits="992"/><line number="263" hits="2480"/><line number="265" hits="1904"/><line number="268" hits="1428"/><line number="269" hits="1428"/><line number="271" hits="952"/><line number="272" hits="2380"/><line number="274" hits="1428"/><line number="276" hits="70"/><line number="277" hits="140"/><line number="278" hits="210"/><line number="280" hits="350"/><line number="281" hits="70"/><line number="283" hits="406"/><line number="285" hits="812"/><line number="286" hits="406"/><line number="290" hits="476"/><line number="291" hits="952"/><line number="292" hits="476"/><line number="293" hits="476"/><line number="294" hits="476"/><line number="295" hits="952"/><line number="296" hits="952"/><line number="297" hits="952"/><line number="298" hits="952"/><line number="299" hits="952"/><line number="300" hits="952"/><line number="301" hits="952"/><line number="302" hits="952"/><line number="303" hits="952"/><line number="304" hits="1428"/><line number="305" hits="476"/><line number="306" hits="1428"/><line number="307" hits="476"/><line number="308" hits="476"/><line number="314" hits="170"/><line number="318" hits="680"/><line number="322" hits="8"/><line number="329" hits="24"/><line number="331" hits="16"/><line number="335" hits="4"/><line number="339" hits="16"/><line number="343" hits="4"/><line number="350" hits="12"/><line number="352" hits="16"/><line number="356" hits="182"/><line number="361" hits="1092"/><line number="362" hits="728"/><line number="363" hits="364"/><line number="365" hits="546"/><line number="366" hits="546"/><line number="367" hits="546"/><line number="368" hits="546"/><line number="370" hits="182"/><line number="371" hits="40"/><line number="372" hits="80"/><line number="373" hits="0"/><line number="377" hits="360"/><line number="378" hits="356"/><line number="379" hits="0"/><line number="384" hits="910"/><line number="385" hits="364"/><line number="387" hits="910"/><line number="389" hits="356"/><line number="391" hits="356"/><line number="393" hits="356"/><line number="394" hits="890"/><line number="396" hits="526"/><line number="398" hits="474"/><line number="400" hits="158"/><line number="401" hits="158"/><line number="402" hits="158"/><line number="403" hits="632"/><line number="407" hits="790"/><line number="409" hits="158"/><line number="411" hits="40"/><line number="413" hits="40"/><line number="414" hits="100"/><line number="417" hits="20"/><line number="418" hits="20"/><line number="419" hits="20"/><line number="420" hits="60"/><line number="422" hits="16"/><line number="425" hits="348"/><line number="426" hits="348"/><line number="427" hits="348"/><line number="428" hits="348"/><line number="429" hits="348"/><line number="430" hits="522"/><line number="431" hits="696"/><line number="432" hits="870"/><line number="433" hits="348"/><line number="434" hits="348"/><line number="436" hits="348"/><line number="437" hits="348"/><line number="438" hits="348"/><line number="439" hits="348"/><line number="440" hits="174"/><line number="441" hits="348"/><line number="442" hits="348"/><line number="443" hits="348"/><line number="444" hits="174"/><line number="445" hits="348"/><line number="446" hits="174"/><line number="447" hits="174"/><line number="450" hits="174"/><line number="451" hits="16"/><line number="454" hits="174"/><line number="460" hits="4"/><line number="467" hits="12"/><line number="469" hits="16"/><line number="473" hits="40"/><line number="474" hits="160"/><line number="478" hits="4"/><line number="485" hits="12"/><line number="487" hits="16"/><line number="491" hits="4"/><line number="495" hits="16"/><line number="499" hits="52"/><line number="506" hits="52"/><line number="507" hits="0"/><line number="508" hits="0"/><line number="509" hits="0"/><line number="514" hits="104"/><line number="522" hits="208"/><line number="523" hits="156"/><line number="524" hits="156"/><line number="526" hits="208"/><line number="527" hits="52"/><line number="528" hits="104"/><line number="529" hits="104"/><line number="530" hits="0"/><line number="533" hits="156"/><line number="534" hits="52"/><line number="535" hits="0"/><line number="538" hits="100"/><line number="539" hits="96"/><line number="541" hits="52"/><line number="544" hits="104"/><line number="545" hits="208"/><line number="546" hits="4"/><line number="550" hits="192"/><line number="551" hits="96"/><line number="552" hits="96"/><line number="554" hits="240"/><line number="556" hits="96"/><line number="558" hits="92"/><line number="559" hits="48"/><line number="560" hits="48"/><line number="561" hits="144"/><line number="563" hits="88"/><line number="565" hits="88"/><line number="566" hits="88"/><line number="567" hits="88"/><line number="568" hits="88"/><line number="569" hits="88"/><line number="570" hits="132"/><line number="571" hits="176"/><line number="572" hits="176"/><line number="573" hits="88"/><line number="575" hits="88"/><line number="576" hits="88"/><line number="577" hits="88"/><line number="578" hits="88"/><line number="579" hits="44"/><line number="580" hits="88"/><line number="581" hits="44"/><line number="582" hits="88"/><line number="583" hits="44"/><line number="584" hits="132"/><line number="585" hits="88"/><line number="586" hits="44"/><line number="589" hits="44"/><line number="590" hits="16"/><line number="593" hits="44"/><line number="599" hits="144"/><line number="600" hits="576"/><line number="601" hits="288"/><line number="603" hits="720"/><line number="605" hits="432"/><line number="606" hits="432"/><line number="607" hits="432"/><line number="608" hits="432"/><line number="609" hits="432"/><line number="611" hits="136"/><line number="612" hits="728"/><line number="615" hits="544"/><line number="616" hits="272"/><line number="619" hits="0"/><line number="620" hits="408"/><line number="622" hits="272"/><line number="623" hits="544"/><line number="625" hits="408"/><line number="626" hits="58"/><line number="627" hits="58"/><line number="628" hits="58"/><line number="629" hits="232"/><line number="631" hits="58"/><line number="632" hits="58"/><line number="633" hits="232"/><line number="634" hits="58"/><line number="636" hits="78"/><line number="638" hits="156"/><line number="639" hits="78"/><line number="643" hits="272"/><line number="644" hits="272"/><line number="645" hits="272"/><line number="646" hits="136"/><line number="647" hits="272"/><line number="648" hits="272"/><line number="649" hits="272"/><line number="650" hits="272"/><line number="651" hits="272"/><line number="652" hits="272"/><line number="653" hits="272"/><line number="654" hits="272"/><line number="655" hits="136"/><line number="656" hits="272"/><line number="657" hits="136"/><line number="658" hits="408"/><line number="659" hits="136"/><line number="662" hits="136"/><line number="663" hits="16"/><line number="666" hits="136"/><line number="673" hits="8"/><line number="675" hits="8"/><line number="676" hits="24"/><line number="677" hits="0"/><line number="678" hits="0"/><line number="684" hits="12"/><line number="686" hits="12"/><line number="687" hits="24"/><line number="688" hits="12"/><line number="689" hits="0"/><line number="695" hits="8"/><line number="697" hits="8"/><line number="698" hits="24"/><line number="699" hits="0"/><line number="700" hits="0"/><line number="706" hits="12"/><line number="708" hits="12"/><line number="709" hits="24"/><line number="710" hits="12"/><line number="711" hits="0"/><line number="717" hits="40"/><line number="719" hits="40"/><line number="720" hits="96"/><line number="721" hits="24"/><line number="722" hits="0"/><line number="729" hits="20"/><line number="731" hits="0"/><line number="732" hits="20"/><line number="733" hits="8"/><line number="734" hits="16"/><line number="735" hits="16"/><line number="736" hits="8"/><line number="737" hits="0"/><line number="740" hits="32"/><line number="741" hits="24"/><line number="742" hits="8"/><line number="744" hits="8"/><line number="745" hits="16"/><line number="746" hits="16"/><line number="747" hits="8"/><line number="748" hits="0"/><line number="751" hits="40"/><line number="752" hits="24"/><line number="753" hits="8"/><line number="755" hits="4"/><line number="756" hits="8"/><line number="757" hits="4"/><line number="758" hits="0"/><line number="761" hits="20"/><line number="762" hits="12"/><line number="763" hits="4"/><line number="765" hits="0"/><line number="770" hits="0"/><line number="771" hits="0"/><line number="772" hits="0"/><line number="780" hits="16"/><line number="782" hits="0"/><line number="783" hits="16"/><line number="784" hits="4"/><line number="785" hits="8"/><line number="786" hits="8"/><line number="787" hits="4"/><line number="788" hits="0"/><line number="791" hits="20"/><line number="792" hits="12"/><line number="793" hits="4"/><line number="795" hits="8"/><line number="796" hits="16"/><line number="797" hits="16"/><line number="798" hits="8"/><line number="799" hits="0"/><line number="802" hits="40"/><line number="803" hits="24"/><line number="804" hits="8"/><line number="806" hits="4"/><line number="807" hits="8"/><line number="808" hits="4"/><line number="809" hits="0"/><line number="812" hits="20"/><line number="813" hits="12"/><line number="814" hits="4"/><line number="816" hits="0"/><line number="821" hits="0"/><line number="822" hits="0"/><line number="823" hits="0"/><line number="829" hits="12"/><line number="830" hits="12"/><line number="832" hits="24"/><line number="833" hits="4"/><line number="838" hits="12"/><line number="839" hits="12"/><line number="841" hits="24"/><line number="842" hits="4"/><line number="847" hits="44"/><line number="848" hits="44"/><line number="851" hits="32"/><line number="852" hits="32"/><line number="853" hits="16"/><line number="854" hits="12"/><line number="857" hits="48"/><line number="859" hits="28"/><line number="864" hits="28"/><line number="865" hits="28"/><line number="868" hits="32"/><line number="869" hits="32"/><line number="870" hits="16"/><line number="871" hits="12"/><line number="874" hits="48"/><line number="876" hits="12"/><line number="882" hits="52"/><line number="883" hits="52"/><line number="886" hits="104"/><line number="887" hits="104"/><line number="888" hits="52"/><line number="889" hits="48"/><line number="892" hits="40"/><line number="893" hits="24"/><line number="896" hits="64"/><line number="897" hits="64"/><line number="898" hits="64"/><line number="900" hits="64"/><line number="901" hits="64"/><line number="902" hits="64"/><line number="903" hits="128"/><line number="905" hits="64"/><line number="906" hits="64"/><line number="907" hits="128"/><line number="909" hits="64"/><line number="910" hits="128"/><line number="911" hits="192"/><line number="914" hits="0"/><line number="915" hits="0"/><line number="918" hits="0"/><line number="919" hits="0"/><line number="920" hits="0"/><line number="922" hits="0"/><line number="928" hits="52"/><line number="933" hits="52"/><line number="936" hits="104"/><line number="937" hits="104"/><line number="938" hits="52"/><line number="939" hits="48"/><line number="942" hits="40"/><line number="943" hits="24"/><line number="946" hits="64"/><line number="947" hits="64"/><line number="948" hits="64"/><line number="950" hits="64"/><line number="951" hits="64"/><line number="952" hits="64"/><line number="953" hits="128"/><line number="955" hits="64"/><line number="956" hits="64"/><line number="957" hits="128"/><line number="959" hits="64"/><line number="960" hits="128"/><line number="961" hits="192"/><line number="964" hits="0"/><line number="965" hits="0"/><line number="968" hits="0"/><line number="969" hits="0"/><line number="970" hits="0"/><line number="972" hits="0"/><line number="978" hits="0"/><line number="979" hits="0"/><line number="983" hits="864"/><line number="984" hits="864"/><line number="988" hits="9213"/><line number="990" hits="9213"/><line number="991" hits="8348"/><line number="992" hits="14252"/><line number="998" hits="4280"/><line number="1000" hits="4280"/><line number="1001" hits="570"/><line number="1002" hits="1710"/><line number="1004" hits="7420"/><line number="1010" hits="942"/><line number="1011" hits="942"/><line number="1015" hits="40289"/><line number="1016" hits="40289"/><line number="1023" hits="830"/><line number="1025" hits="0"/><line number="1026" hits="838"/><line number="1027" hits="24"/><line number="1034" hits="0"/><line number="1035" hits="830"/><line number="1036" hits="0"/><line number="1037" hits="174"/><line number="1038" hits="174"/><line number="1039" hits="174"/><line number="1040" hits="174"/><line number="1041" hits="0"/><line number="1042" hits="0"/><line number="1043" hits="522"/><line number="1044" hits="0"/><line number="1045" hits="0"/><line number="1046" hits="0"/><line number="1047" hits="0"/><line number="1050" hits="174"/><line number="1051" hits="174"/><line number="1053" hits="0"/><line number="1054" hits="44"/><line number="1055" hits="44"/><line number="1056" hits="44"/><line number="1057" hits="44"/><line number="1058" hits="0"/><line number="1059" hits="0"/><line number="1060" hits="132"/><line number="1061" hits="0"/><line number="1062" hits="0"/><line number="1063" hits="0"/><line number="1064" hits="0"/><line number="1067" hits="44"/><line number="1069" hits="612"/><line number="1076" hits="942"/><line number="1077" hits="942"/><line number="1078" hits="884"/><line number="1079" hits="884"/><line number="1081" hits="500"/><line number="1086" hits="870"/><line number="1087" hits="3480"/><line number="1089" hits="870"/><line number="1090" hits="32"/><line number="1091" hits="32"/><line number="1092" hits="32"/><line number="1096" hits="838"/></lines></class><class name="object" filename="rarena-allocator/src/object.rs" line-rate="0.96875" branch-rate="0" complexity="0"><methods/><lines><line number="17" hits="44"/><line number="18" hits="44"/><line number="19" hits="8"/><line number="20" hits="36"/><line number="21" hits="8"/><line number="23" hits="28"/><line number="46" hits="8"/><line number="47" hits="8"/><line number="54" hits="8"/><line number="55" hits="8"/><line number="62" hits="8"/><line number="63" hits="8"/><line number="70" hits="8"/><line number="71" hits="8"/><line number="75" hits="12"/><line number="76" hits="12"/><line number="80" hits="4"/><line number="81" hits="8"/><line number="82" hits="4"/><line number="83" hits="4"/><line number="89" hits="4"/><line number="90" hits="8"/><line number="91" hits="4"/><line number="92" hits="4"/><line number="100" hits="32"/><line number="101" hits="32"/><line number="103" hits="24"/><line number="106" hits="60"/><line number="108" hits="4"/><line number="116" hits="40"/><line number="118" hits="40"/><line number="119" hits="16"/><line number="120" hits="56"/><line number="121" hits="16"/><line number="130" hits="20"/><line number="132" hits="20"/><line number="133" hits="16"/><line number="134" hits="24"/><line number="135" hits="8"/><line number="142" hits="16"/><line number="143" hits="16"/><line number="145" hits="0"/><line number="146" hits="24"/><line number="147" hits="8"/><line number="153" hits="44"/><line number="154" hits="44"/><line number="155" hits="8"/><line number="156" hits="8"/><line number="158" hits="4"/><line number="159" hits="12"/><line number="160" hits="8"/><line number="161" hits="4"/><line number="167" hits="8"/><line number="168" hits="8"/><line number="169" hits="8"/><line number="173" hits="0"/><line number="174" hits="28"/><line number="177" hits="40"/><line number="178" hits="40"/><line number="179" hits="40"/><line number="183" hits="8"/><line number="200" hits="24"/><line number="201" hits="24"/><line number="205" hits="48"/><line number="206" hits="48"/><line number="210" hits="4"/><line number="211" hits="4"/><line number="215" hits="4"/><line number="216" hits="4"/><line number="225" hits="28"/><line number="226" hits="28"/><line number="230" hits="4"/><line number="231" hits="8"/><line number="232" hits="4"/><line number="233" hits="4"/><line number="238" hits="4"/><line number="239" hits="8"/><line number="240" hits="4"/><line number="241" hits="4"/><line number="249" hits="100"/><line number="250" hits="100"/><line number="252" hits="204"/><line number="255" hits="84"/><line number="257" hits="4"/><line number="265" hits="144"/><line number="267" hits="144"/><line number="268" hits="224"/><line number="269" hits="88"/><line number="270" hits="88"/><line number="279" hits="136"/><line number="281" hits="136"/><line number="282" hits="288"/><line number="283" hits="40"/><line number="284" hits="88"/><line number="291" hits="8"/><line number="292" hits="8"/><line number="294" hits="0"/><line number="295" hits="8"/><line number="296" hits="8"/><line number="301" hits="76"/><line number="303" hits="152"/><line number="311" hits="404"/><line number="313" hits="808"/><line number="321" hits="56"/><line number="323" hits="112"/><line number="324" hits="168"/><line number="332" hits="44"/><line number="333" hits="44"/><line number="336" hits="132"/><line number="337" hits="88"/><line number="339" hits="44"/><line number="345" hits="536"/><line number="346" hits="536"/><line number="347" hits="76"/><line number="348" hits="76"/><line number="350" hits="48"/><line number="351" hits="144"/><line number="352" hits="96"/><line number="353" hits="48"/><line number="359" hits="96"/><line number="360" hits="96"/><line number="361" hits="96"/><line number="365" hits="0"/><line number="366" hits="404"/><line number="369" hits="736"/><line number="370" hits="736"/><line number="371" hits="736"/><line number="375" hits="56"/></lines></class><class name="options" filename="rarena-allocator/src/options.rs" line-rate="0.9861111111111112" branch-rate="0" complexity="0"><methods/><lines><line number="13" hits="4"/><line number="14" hits="8"/><line number="40" hits="92"/><line number="41" hits="92"/><line number="42" hits="4"/><line number="43" hits="72"/><line number="44" hits="4"/><line number="45" hits="12"/><line number="88" hits="4"/><line number="89" hits="4"/><line number="96" hits="158"/><line number="161" hits="12"/><line number="162" hits="24"/><line number="163" hits="24"/><line number="196" hits="8"/><line number="197" hits="16"/><line number="198" hits="16"/><line number="202" hits="20"/><line number="203" hits="20"/><line number="204" hits="24"/><line number="205" hits="12"/><line number="207" hits="8"/><line number="227" hits="84"/><line number="228" hits="84"/><line number="229" hits="84"/><line number="248" hits="4"/><line number="249" hits="4"/><line number="250" hits="8"/><line number="251" hits="0"/><line number="253" hits="4"/><line number="254" hits="4"/><line number="274" hits="528"/><line number="275" hits="528"/><line number="276" hits="528"/><line number="299" hits="8"/><line number="300" hits="8"/><line number="301" hits="8"/><line number="318" hits="4"/><line number="319" hits="4"/><line number="320" hits="4"/><line number="337" hits="4"/><line number="338" hits="4"/><line number="339" hits="4"/><line number="360" hits="164"/><line number="361" hits="164"/><line number="362" hits="164"/><line number="380" hits="12"/><line number="381" hits="12"/><line number="382" hits="12"/><line number="396" hits="204"/><line number="397" hits="204"/><line number="398" hits="204"/><line number="419" hits="1556"/><line number="420" hits="1556"/><line number="435" hits="644"/><line number="436" hits="644"/><line number="451" hits="512"/><line number="452" hits="512"/><line number="453" hits="1008"/><line number="454" hits="8"/><line number="470" hits="826"/><line number="471" hits="826"/><line number="489" hits="834"/><line number="490" hits="834"/><line number="513" hits="648"/><line number="514" hits="648"/><line number="534" hits="928"/><line number="535" hits="928"/><line number="550" hits="876"/><line number="551" hits="876"/><line number="576" hits="496"/><line number="577" hits="496"/></lines></class><class name="sealed" filename="rarena-allocator/src/sealed.rs" line-rate="0.6923076923076923" branch-rate="0" complexity="0"><methods/><lines><line number="12" hits="438"/><line number="13" hits="876"/><line number="16" hits="0"/><line number="17" hits="0"/><line number="20" hits="0"/><line number="21" hits="0"/><line number="26" hits="392"/><line number="27" hits="784"/><line number="30" hits="94"/><line number="31" hits="188"/><line number="32" hits="188"/><line number="33" hits="94"/><line number="34" hits="94"/><line number="37" hits="486"/><line number="38" hits="972"/><line number="39" hits="972"/><line number="40" hits="486"/><line number="41" hits="486"/><line number="59" hits="114"/><line number="60" hits="228"/><line number="64" hits="0"/><line number="65" hits="0"/><line number="72" hits="104"/><line number="73" hits="208"/><line number="77" hits="0"/><line number="78" hits="0"/></lines></class><class name="sync" filename="rarena-allocator/src/sync.rs" line-rate="0.7851851851851852" branch-rate="0" complexity="0"><methods/><lines><line number="40" hits="414"/><line number="42" hits="1242"/><line number="43" hits="828"/><line number="44" hits="828"/><line number="45" hits="414"/><line number="51" hits="10"/><line number="52" hits="30"/><line number="56" hits="6"/><line number="57" hits="18"/><line number="70" hits="0"/><line number="71" hits="0"/><line number="72" hits="0"/><line number="73" hits="0"/><line number="74" hits="0"/><line number="83" hits="2627"/><line number="84" hits="2627"/><line number="90" hits="414"/><line number="92" hits="414"/><line number="112" hits="628"/><line number="114" hits="1256"/><line number="116" hits="628"/><line number="122" hits="788"/><line number="125" hits="3152"/><line number="126" hits="788"/><line number="131" hits="788"/><line number="132" hits="1576"/><line number="134" hits="3152"/><line number="156" hits="6"/><line number="157" hits="18"/><line number="158" hits="24"/><line number="160" hits="78"/><line number="161" hits="72"/><line number="162" hits="66"/><line number="163" hits="60"/><line number="164" hits="66"/><line number="165" hits="48"/><line number="166" hits="42"/><line number="167" hits="36"/><line number="168" hits="30"/><line number="169" hits="24"/><line number="170" hits="18"/><line number="171" hits="12"/><line number="177" hits="694"/><line number="179" hits="2082"/><line number="181" hits="2776"/><line number="182" hits="694"/><line number="183" hits="0"/><line number="190" hits="1388"/><line number="191" hits="1388"/><line number="192" hits="1388"/><line number="193" hits="1388"/><line number="194" hits="1388"/><line number="195" hits="1388"/><line number="196" hits="1388"/><line number="197" hits="1388"/><line number="198" hits="1388"/><line number="199" hits="1388"/><line number="200" hits="1388"/><line number="201" hits="694"/><line number="202" hits="694"/><line number="209" hits="438"/><line number="210" hits="1314"/><line number="213" hits="1314"/><line number="214" hits="1314"/><line number="215" hits="1314"/><line number="216" hits="1314"/><line number="217" hits="1314"/><line number="218" hits="1314"/><line number="219" hits="1314"/><line number="221" hits="1314"/><line number="222" hits="1314"/><line number="223" hits="876"/><line number="224" hits="1752"/><line number="225" hits="438"/><line number="242" hits="304"/><line number="244" hits="304"/><line number="254" hits="8"/><line number="255" hits="8"/><line number="259" hits="24"/><line number="260" hits="24"/><line number="261" hits="4"/><line number="265" hits="40"/><line number="269" hits="18"/><line number="271" hits="18"/><line number="272" hits="0"/><line number="275" hits="18"/><line number="276" hits="0"/><line number="279" hits="36"/><line number="284" hits="272"/><line number="285" hits="272"/><line number="286" hits="28"/><line number="289" hits="484"/><line number="292" hits="960"/><line number="293" hits="240"/><line number="295" hits="190"/><line number="296" hits="114"/><line number="298" hits="152"/><line number="301" hits="606"/><line number="306" hits="140"/><line number="307" hits="696"/><line number="308" hits="4"/><line number="309" hits="536"/><line number="326" hits="1812"/><line number="327" hits="9052"/><line number="328" hits="4"/><line number="329" hits="7208"/><line number="368" hits="319"/><line number="369" hits="638"/><line number="373" hits="2610"/><line number="374" hits="2610"/><line number="378" hits="202"/><line number="379" hits="202"/><line number="382" hits="6"/><line number="384" hits="6"/><line number="385" hits="0"/><line number="388" hits="12"/><line number="389" hits="12"/><line number="391" hits="6"/><line number="396" hits="1712"/><line number="398" hits="5136"/><line number="400" hits="3424"/><line number="401" hits="3424"/><line number="402" hits="6848"/><line number="405" hits="930"/><line number="408" hits="782"/><line number="409" hits="0"/><line number="410" hits="12"/><line number="411" hits="4"/><line number="413" hits="1664"/><line number="414" hits="1448"/><line number="419" hits="22"/><line number="420" hits="22"/><line number="421" hits="0"/><line number="424" hits="22"/><line number="425" hits="0"/><line number="426" hits="44"/><line number="431" hits="10"/><line number="432" hits="30"/><line number="436" hits="1066"/><line number="438" hits="0"/><line number="440" hits="4264"/><line number="444" hits="2"/><line number="445" hits="2"/><line number="449" hits="8"/><line number="450" hits="24"/><line number="454" hits="4"/><line number="455" hits="4"/><line number="456" hits="4"/><line number="457" hits="4"/><line number="458" hits="12"/><line number="464" hits="8"/><line number="466" hits="16"/><line number="470" hits="2"/><line number="472" hits="8"/><line number="473" hits="2"/><line number="478" hits="20"/><line number="479" hits="20"/><line number="483" hits="524"/><line number="484" hits="524"/><line number="488" hits="37443"/><line number="489" hits="112329"/><line number="493" hits="181"/><line number="494" hits="724"/><line number="497" hits="42"/><line number="498" hits="126"/><line number="499" hits="168"/><line number="500" hits="84"/><line number="501" hits="84"/><line number="502" hits="84"/><line number="503" hits="96"/><line number="504" hits="14"/><line number="505" hits="28"/><line number="507" hits="14"/><line number="508" hits="8"/><line number="509" hits="2"/><line number="511" hits="12"/><line number="512" hits="30"/><line number="514" hits="6"/><line number="515" hits="6"/><line number="517" hits="0"/><line number="520" hits="36"/><line number="521" hits="32"/><line number="522" hits="4"/><line number="526" hits="168"/><line number="530" hits="2"/><line number="531" hits="2"/><line number="540" hits="7799"/><line number="543" hits="7799"/><line number="552" hits="788"/><line number="553" hits="2364"/><line number="554" hits="2364"/><line number="555" hits="3152"/><line number="556" hits="2364"/><line number="557" hits="1576"/><line number="558" hits="0"/><line number="560" hits="1712"/><line number="561" hits="788"/><line number="563" hits="102"/><line number="567" hits="1610"/><line number="568" hits="0"/><line number="571" hits="1610"/><line number="572" hits="0"/><line number="573" hits="0"/><line number="574" hits="0"/><line number="576" hits="0"/><line number="578" hits="0"/><line number="579" hits="0"/><line number="580" hits="0"/><line number="584" hits="1610"/><line number="585" hits="83"/><line number="588" hits="6108"/><line number="589" hits="6108"/><line number="590" hits="4581"/><line number="591" hits="1527"/><line number="592" hits="0"/><line number="593" hits="0"/><line number="596" hits="3054"/><line number="597" hits="603"/><line number="600" hits="924"/><line number="601" hits="924"/><line number="602" hits="924"/><line number="603" hits="924"/><line number="609" hits="262"/><line number="614" hits="786"/><line number="615" hits="786"/><line number="616" hits="1048"/><line number="617" hits="786"/><line number="618" hits="524"/><line number="619" hits="0"/><line number="621" hits="538"/><line number="622" hits="262"/><line number="624" hits="0"/><line number="628" hits="557"/><line number="629" hits="0"/><line number="632" hits="538"/><line number="633" hits="19"/><line number="634" hits="0"/><line number="636" hits="38"/><line number="638" hits="38"/><line number="639" hits="57"/><line number="640" hits="19"/><line number="644" hits="519"/><line number="645" hits="11"/><line number="648" hits="2032"/><line number="649" hits="2032"/><line number="650" hits="1524"/><line number="652" hits="1016"/><line number="653" hits="251"/><line number="654" hits="0"/><line number="655" hits="0"/><line number="658" hits="502"/><line number="661" hits="514"/><line number="662" hits="257"/><line number="663" hits="257"/><line number="664" hits="257"/><line number="669" hits="512"/><line number="671" hits="1966"/><line number="672" hits="82"/><line number="675" hits="860"/><line number="677" hits="0"/><line number="678" hits="1290"/><line number="679" hits="1781"/><line number="680" hits="921"/><line number="682" hits="860"/><line number="683" hits="430"/><line number="685" hits="430"/><line number="687" hits="0"/><line number="688" hits="0"/><line number="691" hits="430"/><line number="693" hits="0"/><line number="694" hits="0"/><line number="697" hits="1290"/><line number="699" hits="1290"/><line number="700" hits="860"/><line number="701" hits="1720"/><line number="702" hits="430"/><line number="703" hits="430"/><line number="705" hits="0"/><line number="707" hits="0"/><line number="708" hits="0"/><line number="709" hits="0"/><line number="710" hits="0"/><line number="713" hits="1290"/><line number="714" hits="430"/><line number="716" hits="0"/><line number="717" hits="0"/><line number="719" hits="0"/><line number="721" hits="0"/><line number="723" hits="0"/><line number="731" hits="434"/><line number="733" hits="1660"/><line number="734" hits="76"/><line number="737" hits="716"/><line number="739" hits="0"/><line number="740" hits="1074"/><line number="741" hits="1322"/><line number="742" hits="606"/><line number="744" hits="716"/><line number="745" hits="358"/><line number="747" hits="358"/><line number="749" hits="0"/><line number="750" hits="0"/><line number="753" hits="358"/><line number="755" hits="0"/><line number="756" hits="0"/><line number="759" hits="1074"/><line number="761" hits="1074"/><line number="762" hits="716"/><line number="763" hits="1432"/><line number="764" hits="358"/><line number="765" hits="358"/><line number="767" hits="0"/><line number="769" hits="0"/><line number="770" hits="0"/><line number="771" hits="0"/><line number="772" hits="0"/><line number="775" hits="1074"/><line number="776" hits="358"/><line number="778" hits="0"/><line number="779" hits="0"/><line number="781" hits="0"/><line number="783" hits="0"/><line number="785" hits="0"/><line number="793" hits="1814"/><line number="794" hits="1814"/><line number="795" hits="4"/><line number="798" hits="1810"/><line number="799" hits="4"/><line number="801" hits="5418"/><line number="802" hits="7224"/><line number="804" hits="0"/><line number="805" hits="3620"/><line number="806" hits="1810"/><line number="807" hits="334"/><line number="810" hits="4428"/><line number="811" hits="2952"/><line number="812" hits="2952"/><line number="813" hits="1476"/><line number="814" hits="1476"/><line number="816" hits="1472"/><line number="818" hits="0"/><line number="820" hits="7360"/><line number="821" hits="4416"/><line number="822" hits="1472"/><line number="824" hits="8"/><line number="829" hits="668"/><line number="831" hits="0"/><line number="832" hits="351"/><line number="833" hits="0"/><line number="834" hits="0"/><line number="835" hits="0"/><line number="836" hits="0"/><line number="839" hits="352"/><line number="840" hits="332"/><line number="841" hits="10"/><line number="842" hits="10"/><line number="843" hits="2"/><line number="847" hits="350"/><line number="848" hits="328"/><line number="849" hits="11"/><line number="850" hits="11"/><line number="851" hits="2"/><line number="857" hits="17"/><line number="940" hits="140"/><line number="941" hits="140"/><line number="942" hits="2"/><line number="945" hits="138"/><line number="946" hits="6"/><line number="949" hits="408"/><line number="950" hits="544"/><line number="952" hits="66"/><line number="953" hits="408"/><line number="954" hits="272"/><line number="955" hits="272"/><line number="956" hits="136"/><line number="957" hits="66"/><line number="960" hits="210"/><line number="961" hits="140"/><line number="962" hits="140"/><line number="963" hits="70"/><line number="964" hits="70"/><line number="966" hits="70"/><line number="967" hits="350"/><line number="968" hits="140"/><line number="970" hits="0"/><line number="971" hits="0"/><line number="972" hits="0"/><line number="973" hits="0"/><line number="975" hits="70"/><line number="977" hits="0"/><line number="982" hits="132"/><line number="983" hits="0"/><line number="984" hits="66"/><line number="985" hits="0"/><line number="986" hits="2"/><line number="987" hits="4"/><line number="988" hits="2"/><line number="991" hits="0"/><line number="992" hits="96"/><line number="993" hits="32"/><line number="994" hits="64"/><line number="995" hits="32"/><line number="997" hits="0"/><line number="998" hits="0"/><line number="999" hits="0"/><line number="1004" hits="0"/><line number="1005" hits="96"/><line number="1006" hits="32"/><line number="1007" hits="64"/><line number="1008" hits="32"/><line number="1010" hits="0"/><line number="1011" hits="0"/><line number="1012" hits="0"/><line number="1018" hits="0"/><line number="1092" hits="244"/><line number="1093" hits="244"/><line number="1094" hits="2"/><line number="1097" hits="484"/><line number="1098" hits="242"/><line number="1099" hits="0"/><line number="1102" hits="726"/><line number="1103" hits="968"/><line number="1104" hits="98"/><line number="1105" hits="726"/><line number="1106" hits="484"/><line number="1107" hits="484"/><line number="1108" hits="242"/><line number="1109" hits="98"/><line number="1112" hits="432"/><line number="1113" hits="288"/><line number="1114" hits="288"/><line number="1115" hits="144"/><line number="1116" hits="144"/><line number="1118" hits="144"/><line number="1119" hits="720"/><line number="1120" hits="288"/><line number="1123" hits="0"/><line number="1124" hits="0"/><line number="1125" hits="0"/><line number="1126" hits="0"/><line number="1129" hits="432"/><line number="1130" hits="144"/><line number="1132" hits="0"/><line number="1137" hits="196"/><line number="1139" hits="0"/><line number="1140" hits="98"/><line number="1141" hits="0"/><line number="1142" hits="2"/><line number="1143" hits="4"/><line number="1144" hits="2"/><line number="1147" hits="96"/><line number="1148" hits="48"/><line number="1149" hits="96"/><line number="1150" hits="48"/><line number="1152" hits="0"/><line number="1153" hits="0"/><line number="1154" hits="0"/><line number="1158" hits="96"/><line number="1159" hits="48"/><line number="1160" hits="96"/><line number="1161" hits="48"/><line number="1163" hits="0"/><line number="1164" hits="0"/><line number="1165" hits="0"/><line number="1171" hits="0"/><line number="1250" hits="255"/><line number="1251" hits="255"/><line number="1252" hits="0"/><line number="1255" hits="510"/><line number="1258" hits="1004"/><line number="1259" hits="1802"/><line number="1261" hits="11"/><line number="1262" hits="22"/><line number="1263" hits="11"/><line number="1267" hits="753"/><line number="1268" hits="251"/><line number="1270" hits="0"/><line number="1271" hits="0"/><line number="1274" hits="753"/><line number="1275" hits="251"/><line number="1277" hits="0"/><line number="1278" hits="0"/><line number="1282" hits="753"/><line number="1283" hits="502"/><line number="1285" hits="502"/><line number="1286" hits="502"/><line number="1287" hits="251"/><line number="1288" hits="251"/><line number="1293" hits="12"/><line number="1294" hits="6"/><line number="1297" hits="490"/><line number="1299" hits="1225"/><line number="1302" hits="980"/><line number="1303" hits="735"/><line number="1304" hits="490"/><line number="1305" hits="490"/><line number="1306" hits="245"/><line number="1307" hits="245"/><line number="1317" hits="488"/><line number="1318" hits="488"/><line number="1320" hits="1048"/><line number="1321" hits="144"/><line number="1327" hits="216"/><line number="1330" hits="1220"/><line number="1331" hits="244"/><line number="1332" hits="244"/><line number="1334" hits="488"/><line number="1336" hits="244"/><line number="1338" hits="1"/><line number="1339" hits="2"/><line number="1340" hits="2"/><line number="1342" hits="1"/><line number="1344" hits="0"/><line number="1352" hits="256"/><line number="1353" hits="256"/><line number="1354" hits="0"/><line number="1357" hits="512"/><line number="1358" hits="768"/><line number="1361" hits="855"/><line number="1362" hits="855"/><line number="1365" hits="285"/><line number="1366" hits="285"/><line number="1368" hits="10"/><line number="1369" hits="20"/><line number="1370" hits="10"/><line number="1374" hits="275"/><line number="1376" hits="0"/><line number="1377" hits="0"/><line number="1380" hits="1100"/><line number="1381" hits="1100"/><line number="1382" hits="550"/><line number="1383" hits="275"/><line number="1385" hits="275"/><line number="1387" hits="20"/><line number="1388" hits="10"/><line number="1392" hits="265"/><line number="1393" hits="0"/><line number="1394" hits="0"/><line number="1395" hits="0"/><line number="1399" hits="530"/><line number="1402" hits="1325"/><line number="1404" hits="265"/><line number="1406" hits="0"/><line number="1407" hits="0"/><line number="1411" hits="795"/><line number="1412" hits="530"/><line number="1414" hits="530"/><line number="1415" hits="530"/><line number="1416" hits="265"/><line number="1417" hits="265"/><line number="1422" hits="38"/><line number="1423" hits="19"/><line number="1427" hits="738"/><line number="1428" hits="492"/><line number="1429" hits="984"/><line number="1430" hits="246"/><line number="1431" hits="246"/><line number="1441" hits="492"/><line number="1442" hits="492"/><line number="1444" hits="1080"/><line number="1445" hits="192"/><line number="1451" hits="288"/><line number="1454" hits="1230"/><line number="1455" hits="246"/><line number="1456" hits="246"/><line number="1458" hits="492"/><line number="1460" hits="246"/><line number="1462" hits="0"/><line number="1463" hits="0"/><line number="1464" hits="0"/><line number="1466" hits="0"/><line number="1468" hits="0"/><line number="1475" hits="22"/><line number="1476" hits="44"/><line number="1477" hits="66"/><line number="1478" hits="44"/><line number="1480" hits="420"/><line number="1481" hits="420"/><line number="1484" hits="140"/><line number="1485" hits="140"/><line number="1487" hits="22"/><line number="1490" hits="118"/><line number="1492" hits="0"/><line number="1493" hits="0"/><line number="1496" hits="472"/><line number="1497" hits="472"/><line number="1498" hits="236"/><line number="1499" hits="118"/><line number="1501" hits="118"/><line number="1503" hits="0"/><line number="1504" hits="0"/><line number="1508" hits="590"/><line number="1510" hits="118"/><line number="1512" hits="0"/><line number="1513" hits="0"/><line number="1517" hits="354"/><line number="1518" hits="236"/><line number="1520" hits="236"/><line number="1521" hits="236"/><line number="1522" hits="118"/><line number="1523" hits="118"/><line number="1528" hits="0"/><line number="1529" hits="0"/><line number="1533" hits="354"/><line number="1534" hits="236"/><line number="1535" hits="472"/><line number="1536" hits="118"/><line number="1537" hits="118"/><line number="1541" hits="354"/><line number="1542" hits="118"/><line number="1543" hits="118"/><line number="1545" hits="0"/><line number="1546" hits="0"/><line number="1547" hits="0"/><line number="1549" hits="0"/><line number="1551" hits="0"/><line number="1560" hits="490"/><line number="1561" hits="980"/><line number="1562" hits="48"/><line number="1565" hits="884"/><line number="1566" hits="884"/><line number="1567" hits="884"/><line number="1568" hits="442"/><line number="1569" hits="252"/><line number="1572" hits="380"/><line number="1573" hits="570"/><line number="1574" hits="22"/><line number="1577" hits="168"/><line number="1581" hits="946"/><line number="1582" hits="1888"/><line number="1583" hits="4"/><line number="1586" hits="1884"/><line number="1587" hits="1884"/><line number="1588" hits="1884"/><line number="1589" hits="942"/><line number="1590" hits="36"/><line number="1591" hits="12"/><line number="1594" hits="1860"/><line number="1595" hits="2790"/><line number="1596" hits="426"/><line number="1597" hits="142"/><line number="1600" hits="788"/><line number="1601" hits="1576"/><line number="1602" hits="1576"/><line number="1603" hits="788"/><line number="1604" hits="788"/><line number="1609" hits="2704"/><line number="1612" hits="10816"/><line number="1613" hits="2704"/><line number="1618" hits="160"/><line number="1619" hits="320"/><line number="1620" hits="320"/><line number="1621" hits="160"/><line number="1645" hits="0"/><line number="1646" hits="0"/><line number="1647" hits="0"/><line number="1650" hits="0"/><line number="1651" hits="0"/><line number="1653" hits="0"/><line number="1654" hits="0"/><line number="1655" hits="0"/><line number="1658" hits="0"/><line number="1659" hits="0"/><line number="1662" hits="0"/><line number="1664" hits="0"/><line number="1665" hits="0"/><line number="1667" hits="0"/><line number="1673" hits="1132"/><line number="1675" hits="3396"/><line number="1676" hits="2264"/><line number="1678" hits="2264"/><line number="1679" hits="694"/><line number="1702" hits="1314"/><line number="1704" hits="1314"/><line number="1708" hits="876"/></lines></class><class name="tests" filename="rarena-allocator/src/tests.rs" line-rate="0.9876113046844754" branch-rate="0" complexity="0"><methods/><lines><line number="8" hits="774"/><line number="10" hits="774"/><line number="13" hits="0"/><line number="24" hits="4"/><line number="25" hits="8"/><line number="29" hits="4"/><line number="30" hits="8"/><line number="35" hits="4"/><line number="36" hits="8"/><line number="41" hits="4"/><line number="42" hits="8"/><line number="48" hits="4"/><line number="49" hits="8"/><line number="55" hits="4"/><line number="56" hits="8"/><line number="60" hits="4"/><line number="61" hits="8"/><line number="62" hits="12"/><line number="67" hits="4"/><line number="68" hits="8"/><line number="69" hits="4"/><line number="71" hits="4"/><line number="72" hits="4"/><line number="73" hits="4"/><line number="80" hits="4"/><line number="81" hits="8"/><line number="82" hits="4"/><line number="84" hits="4"/><line number="85" hits="4"/><line number="92" hits="4"/><line number="93" hits="8"/><line number="94" hits="4"/><line number="96" hits="4"/><line number="97" hits="4"/><line number="98" hits="4"/><line number="106" hits="4"/><line number="107" hits="4"/><line number="108" hits="12"/><line number="109" hits="8"/><line number="110" hits="4"/><line number="111" hits="8"/><line number="112" hits="4"/><line number="113" hits="4"/><line number="114" hits="4"/><line number="115" hits="4"/><line number="116" hits="8"/><line number="117" hits="4"/><line number="118" hits="8"/><line number="124" hits="4"/><line number="125" hits="8"/><line number="126" hits="4"/><line number="127" hits="8"/><line number="134" hits="4"/><line number="135" hits="8"/><line number="136" hits="4"/><line number="138" hits="4"/><line number="139" hits="4"/><line number="140" hits="4"/><line number="148" hits="4"/><line number="149" hits="4"/><line number="150" hits="12"/><line number="151" hits="12"/><line number="153" hits="4"/><line number="154" hits="4"/><line number="155" hits="4"/><line number="156" hits="4"/><line number="157" hits="8"/><line number="158" hits="4"/><line number="159" hits="8"/><line number="165" hits="4"/><line number="166" hits="8"/><line number="167" hits="4"/><line number="169" hits="4"/><line number="170" hits="4"/><line number="177" hits="4"/><line number="178" hits="8"/><line number="179" hits="4"/><line number="181" hits="4"/><line number="182" hits="4"/><line number="183" hits="4"/><line number="189" hits="4"/><line number="190" hits="8"/><line number="191" hits="12"/><line number="196" hits="4"/><line number="197" hits="8"/><line number="198" hits="4"/><line number="200" hits="4"/><line number="201" hits="4"/><line number="202" hits="4"/><line number="210" hits="4"/><line number="211" hits="4"/><line number="212" hits="12"/><line number="213" hits="8"/><line number="214" hits="4"/><line number="215" hits="8"/><line number="216" hits="4"/><line number="217" hits="4"/><line number="218" hits="4"/><line number="219" hits="4"/><line number="220" hits="8"/><line number="221" hits="4"/><line number="222" hits="8"/><line number="228" hits="4"/><line number="229" hits="8"/><line number="230" hits="4"/><line number="232" hits="4"/><line number="233" hits="4"/><line number="240" hits="4"/><line number="241" hits="8"/><line number="242" hits="4"/><line number="244" hits="4"/><line number="245" hits="4"/><line number="246" hits="4"/><line number="252" hits="4"/><line number="253" hits="8"/><line number="254" hits="12"/><line number="259" hits="4"/><line number="260" hits="8"/><line number="261" hits="4"/><line number="263" hits="4"/><line number="264" hits="4"/><line number="265" hits="4"/><line number="273" hits="4"/><line number="274" hits="4"/><line number="275" hits="12"/><line number="276" hits="8"/><line number="277" hits="4"/><line number="278" hits="8"/><line number="279" hits="4"/><line number="280" hits="4"/><line number="281" hits="4"/><line number="282" hits="4"/><line number="283" hits="8"/><line number="284" hits="4"/><line number="285" hits="8"/><line number="291" hits="4"/><line number="292" hits="8"/><line number="293" hits="4"/><line number="295" hits="4"/><line number="296" hits="4"/><line number="303" hits="4"/><line number="304" hits="8"/><line number="305" hits="4"/><line number="307" hits="4"/><line number="308" hits="4"/><line number="309" hits="4"/><line number="315" hits="4"/><line number="316" hits="8"/><line number="317" hits="12"/><line number="322" hits="4"/><line number="323" hits="8"/><line number="324" hits="4"/><line number="326" hits="4"/><line number="327" hits="4"/><line number="328" hits="4"/><line number="336" hits="4"/><line number="337" hits="4"/><line number="338" hits="12"/><line number="339" hits="8"/><line number="340" hits="4"/><line number="341" hits="8"/><line number="342" hits="4"/><line number="343" hits="4"/><line number="344" hits="4"/><line number="345" hits="4"/><line number="346" hits="8"/><line number="347" hits="4"/><line number="348" hits="8"/><line number="354" hits="4"/><line number="355" hits="8"/><line number="356" hits="4"/><line number="358" hits="4"/><line number="359" hits="4"/><line number="366" hits="4"/><line number="367" hits="8"/><line number="368" hits="4"/><line number="370" hits="4"/><line number="371" hits="4"/><line number="372" hits="4"/><line number="378" hits="4"/><line number="379" hits="8"/><line number="380" hits="4"/><line number="381" hits="8"/><line number="387" hits="4"/><line number="388" hits="8"/><line number="389" hits="4"/><line number="391" hits="4"/><line number="392" hits="4"/><line number="393" hits="4"/><line number="401" hits="4"/><line number="402" hits="4"/><line number="403" hits="12"/><line number="404" hits="8"/><line number="405" hits="4"/><line number="406" hits="8"/><line number="407" hits="4"/><line number="408" hits="4"/><line number="409" hits="4"/><line number="410" hits="4"/><line number="411" hits="8"/><line number="412" hits="4"/><line number="413" hits="8"/><line number="419" hits="4"/><line number="420" hits="8"/><line number="421" hits="4"/><line number="423" hits="4"/><line number="424" hits="4"/><line number="431" hits="4"/><line number="432" hits="8"/><line number="433" hits="4"/><line number="435" hits="4"/><line number="436" hits="4"/><line number="437" hits="4"/><line number="444" hits="4"/><line number="445" hits="8"/><line number="449" hits="4"/><line number="450" hits="4"/><line number="451" hits="8"/><line number="452" hits="4"/><line number="453" hits="4"/><line number="454" hits="20"/><line number="455" hits="12"/><line number="456" hits="12"/><line number="458" hits="8"/><line number="459" hits="16"/><line number="461" hits="4"/><line number="463" hits="12"/><line number="470" hits="4"/><line number="471" hits="8"/><line number="475" hits="4"/><line number="476" hits="4"/><line number="477" hits="8"/><line number="478" hits="4"/><line number="479" hits="4"/><line number="480" hits="20"/><line number="482" hits="12"/><line number="483" hits="12"/><line number="485" hits="8"/><line number="486" hits="16"/><line number="488" hits="4"/><line number="490" hits="12"/><line number="498" hits="4"/><line number="499" hits="8"/><line number="500" hits="4"/><line number="506" hits="4"/><line number="507" hits="8"/><line number="508" hits="8"/><line number="509" hits="12"/><line number="510" hits="20"/><line number="516" hits="4"/><line number="517" hits="8"/><line number="518" hits="4"/><line number="519" hits="4"/><line number="520" hits="4"/><line number="521" hits="12"/><line number="522" hits="20"/><line number="529" hits="4"/><line number="530" hits="4"/><line number="531" hits="12"/><line number="532" hits="8"/><line number="533" hits="4"/><line number="534" hits="8"/><line number="535" hits="4"/><line number="536" hits="4"/><line number="537" hits="4"/><line number="538" hits="4"/><line number="539" hits="4"/><line number="540" hits="12"/><line number="541" hits="20"/><line number="542" hits="12"/><line number="548" hits="4"/><line number="549" hits="8"/><line number="550" hits="8"/><line number="551" hits="12"/><line number="553" hits="20"/><line number="559" hits="4"/><line number="560" hits="8"/><line number="561" hits="4"/><line number="562" hits="4"/><line number="563" hits="4"/><line number="564" hits="12"/><line number="565" hits="20"/><line number="571" hits="4"/><line number="572" hits="8"/><line number="573" hits="4"/><line number="574" hits="8"/><line number="581" hits="4"/><line number="582" hits="8"/><line number="583" hits="4"/><line number="585" hits="4"/><line number="586" hits="4"/><line number="587" hits="4"/><line number="595" hits="4"/><line number="596" hits="4"/><line number="597" hits="12"/><line number="598" hits="8"/><line number="599" hits="4"/><line number="600" hits="8"/><line number="601" hits="4"/><line number="602" hits="4"/><line number="603" hits="4"/><line number="604" hits="4"/><line number="605" hits="8"/><line number="606" hits="4"/><line number="607" hits="8"/><line number="613" hits="4"/><line number="614" hits="8"/><line number="615" hits="4"/><line number="617" hits="4"/><line number="618" hits="4"/><line number="625" hits="4"/><line number="626" hits="8"/><line number="627" hits="4"/><line number="629" hits="4"/><line number="630" hits="4"/><line number="631" hits="4"/><line number="639" hits="4"/><line number="640" hits="8"/><line number="641" hits="4"/><line number="648" hits="4"/><line number="649" hits="8"/><line number="650" hits="4"/><line number="655" hits="4"/><line number="656" hits="8"/><line number="657" hits="4"/><line number="659" hits="4"/><line number="660" hits="4"/><line number="661" hits="4"/><line number="667" hits="4"/><line number="668" hits="8"/><line number="669" hits="4"/><line number="671" hits="4"/><line number="672" hits="4"/><line number="673" hits="4"/><line number="674" hits="4"/><line number="682" hits="4"/><line number="683" hits="4"/><line number="684" hits="12"/><line number="685" hits="8"/><line number="686" hits="4"/><line number="687" hits="8"/><line number="688" hits="4"/><line number="689" hits="4"/><line number="690" hits="4"/><line number="691" hits="4"/><line number="692" hits="4"/><line number="693" hits="8"/><line number="694" hits="4"/><line number="695" hits="8"/><line number="701" hits="4"/><line number="702" hits="8"/><line number="703" hits="4"/><line number="705" hits="4"/><line number="706" hits="4"/><line number="707" hits="4"/><line number="714" hits="4"/><line number="715" hits="8"/><line number="716" hits="4"/><line number="718" hits="4"/><line number="719" hits="4"/><line number="720" hits="4"/><line number="721" hits="4"/><line number="728" hits="4"/><line number="729" hits="8"/><line number="730" hits="4"/><line number="732" hits="8"/><line number="733" hits="4"/><line number="734" hits="4"/><line number="742" hits="4"/><line number="743" hits="8"/><line number="744" hits="4"/><line number="746" hits="4"/><line number="747" hits="8"/><line number="748" hits="4"/><line number="749" hits="4"/><line number="758" hits="4"/><line number="759" hits="4"/><line number="760" hits="12"/><line number="761" hits="16"/><line number="765" hits="4"/><line number="766" hits="4"/><line number="767" hits="4"/><line number="768" hits="4"/><line number="769" hits="8"/><line number="770" hits="8"/><line number="771" hits="4"/><line number="772" hits="8"/><line number="778" hits="4"/><line number="779" hits="8"/><line number="780" hits="4"/><line number="782" hits="8"/><line number="783" hits="4"/><line number="784
[...]
its="8"/><line number="5212" hits="88"/><line number="5213" hits="120"/><line number="5217" hits="48"/><line number="5218" hits="40"/><line number="5220" hits="32"/><line number="5221" hits="24"/><line number="5227" hits="8"/><line number="5229" hits="16"/><line number="5230" hits="48"/><line number="5231" hits="200"/><line number="5232" hits="120"/><line number="5233" hits="160"/><line number="5237" hits="24"/><line number="5238" hits="16"/><line number="5239" hits="48"/><line number="5240" hits="8"/><line number="5244" hits="88"/><line number="5245" hits="120"/><line number="5249" hits="48"/><line number="5250" hits="40"/><line number="5252" hits="32"/><line number="5253" hits="24"/><line number="5255" hits="32"/><line number="5256" hits="24"/><line number="5262" hits="4"/><line number="5264" hits="16"/><line number="5265" hits="8"/><line number="5266" hits="8"/><line number="5267" hits="8"/><line number="5268" hits="8"/><line number="5270" hits="16"/><line number="5274" hits="4"/><line number="5279" hits="4"/><line number="5280" hits="12"/><line number="5281" hits="16"/><line number="5284" hits="8"/><line number="5289" hits="12"/><line number="5292" hits="20"/><line number="5293" hits="8"/><line number="5294" hits="12"/><line number="5298" hits="24"/><line number="5299" hits="24"/><line number="5302" hits="12"/><line number="5303" hits="20"/><line number="5304" hits="20"/><line number="5307" hits="16"/><line number="5308" hits="8"/><line number="5314" hits="4"/><line number="5315" hits="8"/><line number="5318" hits="8"/><line number="5319" hits="12"/><line number="5320" hits="16"/><line number="5323" hits="12"/><line number="5324" hits="20"/><line number="5327" hits="12"/><line number="5328" hits="12"/><line number="5329" hits="20"/><line number="5332" hits="12"/><line number="5333" hits="16"/><line number="5336" hits="12"/><line number="5337" hits="8"/><line number="5338" hits="12"/><line number="5339" hits="12"/><line number="5340" hits="12"/><line number="5343" hits="12"/><line number="5344" hits="8"/><line number="5345" hits="12"/><line number="5346" hits="20"/><line number="5349" hits="12"/><line number="5350" hits="8"/><line number="5351" hits="12"/><line number="5352" hits="16"/><line number="5357" hits="4"/><line number="5358" hits="16"/><line number="5359" hits="12"/><line number="5360" hits="16"/><line number="5361" hits="8"/><line number="5362" hits="12"/><line number="5367" hits="4"/><line number="5369" hits="12"/><line number="5370" hits="4"/><line number="5371" hits="8"/><line number="5372" hits="8"/><line number="5373" hits="12"/><line number="5374" hits="8"/><line number="5378" hits="8"/><line number="5379" hits="12"/><line number="5380" hits="20"/><line number="5385" hits="4"/><line number="5387" hits="16"/><line number="5388" hits="8"/><line number="5389" hits="8"/><line number="5390" hits="8"/><line number="5391" hits="8"/><line number="5393" hits="16"/><line number="5394" hits="8"/><line number="5395" hits="8"/><line number="5399" hits="12"/><line number="5400" hits="16"/><line number="5401" hits="12"/><line number="5402" hits="8"/><line number="5407" hits="4"/><line number="5409" hits="4"/><line number="5412" hits="12"/><line number="5413" hits="8"/><line number="5414" hits="12"/><line number="5415" hits="8"/><line number="5418" hits="12"/><line number="5419" hits="16"/><line number="5421" hits="0"/><line number="5426" hits="8"/><line number="5429" hits="8"/><line number="5430" hits="12"/><line number="5431" hits="12"/><line number="5432" hits="12"/><line number="5437" hits="4"/><line number="5438" hits="12"/><line number="5439" hits="16"/><line number="5441" hits="0"/><line number="5446" hits="8"/><line number="5451" hits="12"/><line number="5453" hits="12"/><line number="5454" hits="8"/><line number="5458" hits="8"/><line number="5459" hits="24"/><line number="5461" hits="16"/><line number="5462" hits="12"/><line number="5468" hits="4"/><line number="5469" hits="16"/><line number="5472" hits="16"/><line number="5473" hits="12"/><line number="5474" hits="12"/><line number="5479" hits="4"/><line number="5481" hits="4"/></lines></class><class name="unsync" filename="rarena-allocator/src/unsync.rs" line-rate="0.8356164383561644" branch-rate="0" complexity="0"><methods/><lines><line number="37" hits="368"/><line number="40" hits="368"/><line number="48" hits="10"/><line number="49" hits="10"/><line number="53" hits="6"/><line number="54" hits="6"/><line number="67" hits="0"/><line number="68" hits="0"/><line number="69" hits="0"/><line number="70" hits="0"/><line number="71" hits="0"/><line number="80" hits="832"/><line number="81" hits="832"/><line number="87" hits="368"/><line number="88" hits="368"/><line number="89" hits="368"/><line number="90" hits="368"/><line number="96" hits="702"/><line number="97" hits="702"/><line number="113" hits="310"/><line number="115" hits="620"/><line number="117" hits="310"/><line number="123" hits="488"/><line number="126" hits="2440"/><line number="127" hits="488"/><line number="132" hits="488"/><line number="133" hits="1952"/><line number="157" hits="6"/><line number="158" hits="18"/><line number="159" hits="12"/><line number="161" hits="78"/><line number="162" hits="72"/><line number="163" hits="66"/><line number="164" hits="60"/><line number="165" hits="54"/><line number="166" hits="48"/><line number="167" hits="42"/><line number="168" hits="36"/><line number="169" hits="30"/><line number="170" hits="24"/><line number="171" hits="18"/><line number="172" hits="12"/><line number="178" hits="94"/><line number="182" hits="282"/><line number="184" hits="376"/><line number="185" hits="94"/><line number="186" hits="0"/><line number="193" hits="188"/><line number="194" hits="188"/><line number="195" hits="188"/><line number="196" hits="188"/><line number="197" hits="188"/><line number="198" hits="188"/><line number="199" hits="188"/><line number="200" hits="188"/><line number="201" hits="188"/><line number="202" hits="188"/><line number="203" hits="188"/><line number="204" hits="94"/><line number="205" hits="94"/><line number="212" hits="392"/><line number="213" hits="1176"/><line number="216" hits="1176"/><line number="217" hits="1176"/><line number="218" hits="1176"/><line number="219" hits="1176"/><line number="220" hits="1176"/><line number="221" hits="1176"/><line number="222" hits="1176"/><line number="224" hits="1176"/><line number="225" hits="1176"/><line number="226" hits="784"/><line number="227" hits="1568"/><line number="228" hits="392"/><line number="247" hits="802"/><line number="249" hits="802"/><line number="259" hits="8"/><line number="260" hits="8"/><line number="264" hits="24"/><line number="265" hits="24"/><line number="266" hits="4"/><line number="270" hits="40"/><line number="274" hits="18"/><line number="276" hits="18"/><line number="277" hits="0"/><line number="280" hits="18"/><line number="281" hits="0"/><line number="284" hits="36"/><line number="289" hits="272"/><line number="290" hits="272"/><line number="291" hits="28"/><line number="294" hits="484"/><line number="297" hits="960"/><line number="298" hits="240"/><line number="300" hits="190"/><line number="301" hits="114"/><line number="303" hits="152"/><line number="306" hits="606"/><line number="311" hits="140"/><line number="312" hits="696"/><line number="313" hits="4"/><line number="314" hits="536"/><line number="331" hits="1186"/><line number="332" hits="5914"/><line number="333" hits="4"/><line number="334" hits="4672"/><line number="373" hits="332"/><line number="374" hits="332"/><line number="378" hits="2004"/><line number="379" hits="2004"/><line number="383" hits="226"/><line number="384" hits="226"/><line number="387" hits="6"/><line number="389" hits="6"/><line number="390" hits="0"/><line number="393" hits="12"/><line number="394" hits="12"/><line number="396" hits="6"/><line number="401" hits="84"/><line number="402" hits="84"/><line number="406" hits="1422"/><line number="408" hits="4266"/><line number="410" hits="2844"/><line number="411" hits="940"/><line number="412" hits="940"/><line number="415" hits="482"/><line number="416" hits="0"/><line number="417" hits="12"/><line number="418" hits="4"/><line number="420" hits="1064"/><line number="421" hits="848"/><line number="426" hits="22"/><line number="427" hits="22"/><line number="428" hits="0"/><line number="431" hits="22"/><line number="432" hits="0"/><line number="433" hits="44"/><line number="438" hits="10"/><line number="439" hits="10"/><line number="443" hits="648"/><line number="445" hits="0"/><line number="447" hits="1296"/><line number="451" hits="2"/><line number="452" hits="2"/><line number="456" hits="8"/><line number="457" hits="8"/><line number="461" hits="4"/><line number="462" hits="8"/><line number="468" hits="8"/><line number="470" hits="16"/><line number="474" hits="2"/><line number="476" hits="8"/><line number="477" hits="2"/><line number="482" hits="20"/><line number="483" hits="20"/><line number="487" hits="2"/><line number="488" hits="2"/><line number="492" hits="112"/><line number="493" hits="448"/><line number="499" hits="4"/><line number="501" hits="12"/><line number="504" hits="42"/><line number="505" hits="84"/><line number="506" hits="84"/><line number="507" hits="126"/><line number="508" hits="84"/><line number="509" hits="84"/><line number="510" hits="96"/><line number="511" hits="14"/><line number="512" hits="28"/><line number="514" hits="14"/><line number="515" hits="8"/><line number="516" hits="2"/><line number="518" hits="12"/><line number="519" hits="30"/><line number="521" hits="6"/><line number="522" hits="6"/><line number="524" hits="0"/><line number="527" hits="36"/><line number="528" hits="32"/><line number="529" hits="4"/><line number="533" hits="42"/><line number="537" hits="2"/><line number="538" hits="2"/><line number="547" hits="34"/><line number="548" hits="34"/><line number="549" hits="0"/><line number="550" hits="0"/><line number="551" hits="0"/><line number="555" hits="102"/><line number="556" hits="44"/><line number="557" hits="10"/><line number="561" hits="102"/><line number="562" hits="136"/><line number="563" hits="34"/><line number="564" hits="34"/><line number="566" hits="34"/><line number="588" hits="1402"/><line number="591" hits="1402"/><line number="596" hits="4280"/><line number="599" hits="4280"/><line number="606" hits="488"/><line number="607" hits="1464"/><line number="608" hits="1464"/><line number="609" hits="1464"/><line number="610" hits="1464"/><line number="612" hits="0"/><line number="614" hits="1132"/><line number="615" hits="488"/><line number="617" hits="42"/><line number="621" hits="1090"/><line number="622" hits="32"/><line number="625" hits="4232"/><line number="626" hits="3174"/><line number="627" hits="3174"/><line number="629" hits="2116"/><line number="630" hits="414"/><line number="633" hits="644"/><line number="634" hits="644"/><line number="635" hits="644"/><line number="636" hits="644"/><line number="642" hits="96"/><line number="647" hits="288"/><line number="648" hits="288"/><line number="649" hits="288"/><line number="650" hits="288"/><line number="652" hits="0"/><line number="654" hits="234"/><line number="655" hits="96"/><line number="657" hits="0"/><line number="661" hits="234"/><line number="662" hits="0"/><line number="665" hits="936"/><line number="666" hits="702"/><line number="667" hits="702"/><line number="669" hits="468"/><line number="670" hits="192"/><line number="673" hits="276"/><line number="674" hits="138"/><line number="675" hits="138"/><line number="676" hits="138"/><line number="681" hits="362"/><line number="683" hits="1366"/><line number="684" hits="82"/><line number="687" hits="0"/><line number="688" hits="840"/><line number="689" hits="1276"/><line number="690" hits="716"/><line number="692" hits="560"/><line number="693" hits="280"/><line number="695" hits="280"/><line number="696" hits="0"/><line number="699" hits="840"/><line number="701" hits="1120"/><line number="704" hits="0"/><line number="705" hits="0"/><line number="706" hits="0"/><line number="707" hits="0"/><line number="710" hits="840"/><line number="711" hits="280"/><line number="716" hits="284"/><line number="718" hits="1060"/><line number="719" hits="76"/><line number="722" hits="624"/><line number="723" hits="758"/><line number="724" hits="342"/><line number="726" hits="624"/><line number="728" hits="624"/><line number="730" hits="832"/><line number="733" hits="0"/><line number="734" hits="0"/><line number="735" hits="0"/><line number="736" hits="0"/><line number="739" hits="624"/><line number="740" hits="208"/><line number="743" hits="1188"/><line number="744" hits="1188"/><line number="745" hits="4"/><line number="748" hits="1184"/><line number="749" hits="4"/><line number="751" hits="3540"/><line number="753" hits="2360"/><line number="754" hits="1180"/><line number="755" hits="2272"/><line number="756" hits="1136"/><line number="761" hits="5680"/><line number="762" hits="3408"/><line number="763" hits="1136"/><line number="767" hits="44"/><line number="768" hits="0"/><line number="769" hits="0"/><line number="770" hits="0"/><line number="772" hits="56"/><line number="773" hits="32"/><line number="774" hits="24"/><line number="776" hits="32"/><line number="777" hits="32"/><line number="778" hits="0"/><line number="850" hits="140"/><line number="851" hits="140"/><line number="852" hits="2"/><line number="855" hits="138"/><line number="856" hits="6"/><line number="859" hits="408"/><line number="860" hits="272"/><line number="861" hits="408"/><line number="862" hits="272"/><line number="863" hits="272"/><line number="865" hits="136"/><line number="867" hits="140"/><line number="868" hits="70"/><line number="869" hits="350"/><line number="870" hits="140"/><line number="872" hits="0"/><line number="873" hits="0"/><line number="874" hits="0"/><line number="875" hits="0"/><line number="877" hits="70"/><line number="881" hits="66"/><line number="882" hits="2"/><line number="883" hits="4"/><line number="884" hits="2"/><line number="886" hits="0"/><line number="887" hits="96"/><line number="888" hits="32"/><line number="889" hits="64"/><line number="890" hits="32"/><line number="892" hits="0"/><line number="895" hits="0"/><line number="896" hits="96"/><line number="897" hits="32"/><line number="898" hits="64"/><line number="899" hits="32"/><line number="901" hits="0"/><line number="966" hits="244"/><line number="967" hits="244"/><line number="968" hits="2"/><line number="971" hits="484"/><line number="972" hits="242"/><line number="973" hits="0"/><line number="976" hits="726"/><line number="977" hits="484"/><line number="978" hits="726"/><line number="979" hits="484"/><line number="980" hits="484"/><line number="982" hits="242"/><line number="983" hits="288"/><line number="984" hits="144"/><line number="985" hits="720"/><line number="986" hits="288"/><line number="989" hits="0"/><line number="990" hits="0"/><line number="991" hits="0"/><line number="992" hits="0"/><line number="995" hits="432"/><line number="996" hits="144"/><line number="1000" hits="98"/><line number="1001" hits="2"/><line number="1002" hits="4"/><line number="1003" hits="2"/><line number="1005" hits="96"/><line number="1006" hits="48"/><line number="1007" hits="96"/><line number="1008" hits="48"/><line number="1010" hits="0"/><line number="1012" hits="96"/><line number="1013" hits="48"/><line number="1014" hits="96"/><line number="1015" hits="48"/><line number="1017" hits="0"/><line number="1086" hits="96"/><line number="1087" hits="96"/><line number="1088" hits="0"/><line number="1091" hits="288"/><line number="1092" hits="756"/><line number="1093" hits="0"/><line number="1094" hits="0"/><line number="1095" hits="0"/><line number="1096" hits="0"/><line number="1100" hits="288"/><line number="1101" hits="288"/><line number="1103" hits="192"/><line number="1105" hits="480"/><line number="1108" hits="384"/><line number="1110" hits="192"/><line number="1113" hits="0"/><line number="1114" hits="0"/><line number="1115" hits="0"/><line number="1116" hits="0"/><line number="1119" hits="192"/><line number="1120" hits="192"/><line number="1122" hits="456"/><line number="1123" hits="144"/><line number="1129" hits="216"/><line number="1132" hits="480"/><line number="1133" hits="96"/><line number="1134" hits="96"/><line number="1136" hits="192"/><line number="1138" hits="96"/><line number="1143" hits="108"/><line number="1144" hits="108"/><line number="1145" hits="0"/><line number="1148" hits="324"/><line number="1150" hits="216"/><line number="1151" hits="324"/><line number="1154" hits="108"/><line number="1155" hits="108"/><line number="1157" hits="12"/><line number="1158" hits="24"/><line number="1159" hits="12"/><line number="1163" hits="384"/><line number="1164" hits="288"/><line number="1165" hits="192"/><line number="1166" hits="96"/><line number="1169" hits="96"/><line number="1170" hits="0"/><line number="1171" hits="0"/><line number="1172" hits="0"/><line number="1176" hits="192"/><line number="1179" hits="480"/><line number="1181" hits="384"/><line number="1184" hits="0"/><line number="1185" hits="0"/><line number="1186" hits="0"/><line number="1187" hits="0"/><line number="1190" hits="192"/><line number="1191" hits="192"/><line number="1193" hits="480"/><line number="1194" hits="192"/><line number="1200" hits="288"/><line number="1203" hits="480"/><line number="1204" hits="96"/><line number="1205" hits="96"/><line number="1207" hits="192"/><line number="1209" hits="96"/><line number="1213" hits="22"/><line number="1214" hits="66"/><line number="1215" hits="44"/><line number="1217" hits="0"/><line number="1218" hits="280"/><line number="1219" hits="420"/><line number="1222" hits="140"/><line number="1223" hits="140"/><line number="1225" hits="22"/><line number="1228" hits="472"/><line number="1229" hits="354"/><line number="1230" hits="236"/><line number="1231" hits="118"/><line number="1234" hits="590"/><line number="1236" hits="472"/><line number="1241" hits="0"/><line number="1242" hits="236"/><line number="1244" hits="118"/><line number="1250" hits="192"/><line number="1251" hits="384"/><line number="1252" hits="0"/><line number="1255" hits="384"/><line number="1256" hits="384"/><line number="1257" hits="384"/><line number="1258" hits="192"/><line number="1259" hits="2"/><line number="1262" hits="380"/><line number="1263" hits="380"/><line number="1264" hits="22"/><line number="1267" hits="168"/><line number="1271" hits="646"/><line number="1272" hits="1288"/><line number="1273" hits="4"/><line number="1276" hits="1284"/><line number="1277" hits="1284"/><line number="1278" hits="1284"/><line number="1279" hits="642"/><line number="1280" hits="36"/><line number="1281" hits="12"/><line number="1284" hits="1260"/><line number="1285" hits="1260"/><line number="1286" hits="426"/><line number="1287" hits="142"/><line number="1290" hits="488"/><line number="1291" hits="976"/><line number="1292" hits="976"/><line number="1293" hits="488"/><line number="1294" hits="488"/><line number="1299" hits="1644"/><line number="1302" hits="6576"/><line number="1303" hits="1644"/><line number="1308" hits="160"/><line number="1309" hits="320"/><line number="1310" hits="320"/><line number="1311" hits="160"/><line number="1335" hits="0"/><line number="1336" hits="0"/><line number="1337" hits="0"/><line number="1340" hits="0"/><line number="1341" hits="0"/><line number="1343" hits="0"/><line number="1344" hits="0"/><line number="1345" hits="0"/><line number="1348" hits="0"/><line number="1349" hits="0"/><line number="1352" hits="0"/><line number="1354" hits="0"/><line number="1355" hits="0"/><line number="1357" hits="0"/><line number="1363" hits="486"/><line number="1367" hits="1458"/><line number="1368" hits="972"/><line number="1370" hits="972"/><line number="1371" hits="94"/><line number="1395" hits="1176"/><line number="1399" hits="784"/></lines></class></classes></package></packages></coverage>